#
# There is insufficient memory for the Java Runtime Environment to continue.
# Native memory allocation (malloc) failed to allocate 1827520 bytes for Chunk::new
# Possible reasons:
#   The system is out of physical RAM or swap space
#   The process is running with CompressedOops enabled, and the Java Heap may be blocking the growth of the native heap
# Possible solutions:
#   Reduce memory load on the system
#   Increase physical memory or swap space
#   Check if swap backing store is full
#   Decrease Java heap size (-Xmx/-Xms)
#   Decrease number of Java threads
#   Decrease Java thread stack sizes (-Xss)
#   Set larger code cache with -XX:ReservedCodeCacheSize=
#   JVM is running with Unscaled Compressed Oops mode in which the Java heap is
#     placed in the first 4GB address space. The Java Heap base address is the
#     maximum limit for the native heap growth. Please use -XX:HeapBaseMinAddress
#     to set the Java Heap base and to place the Java Heap above 4GB virtual address.
# This output file may be truncated or incomplete.
#
#  Out of Memory Error (allocation.cpp:389), pid=3980, tid=0x0000000000001860
#
# JRE version: OpenJDK Runtime Environment (8.0_242-b01) (build 1.8.0_242-release-1644-b01)
# Java VM: OpenJDK 64-Bit Server VM (25.242-b01 mixed mode windows-amd64 compressed oops)
# Failed to write core dump. Minidumps are not enabled by default on client versions of Windows
#

---------------  T H R E A D  ---------------

Current thread (0x0000000017934800):  JavaThread "C2 CompilerThread0" daemon [_thread_in_native, id=6240, stack(0x0000000018f90000,0x0000000019090000)]

Stack: [0x0000000018f90000,0x0000000019090000]
[error occurred during error reporting (printing stack bounds), id 0xc0000005]

Native frames: (J=compiled Java code, j=interpreted, Vv=VM code, C=native code)


Current CompileTask:
C2:   3293 1517       4       java.net.URLClassLoader$1::run (5 bytes)


---------------  P R O C E S S  ---------------

Java Threads: ( => current thread )
  0x000000001a3f2000 JavaThread "Cache worker for file hash cache (C:\caches\6.1.1\fileHashes)" [_thread_blocked, id=13468, stack(0x000000001d6b0000,0x000000001d7b0000)]
  0x000000001a3f6800 JavaThread "File lock request listener" [_thread_in_native, id=12448, stack(0x000000001d5b0000,0x000000001d6b0000)]
  0x0000000019b5b000 JavaThread "Cache worker for journal cache (C:\caches\journal-1)" [_thread_blocked, id=9892, stack(0x000000001d4b0000,0x000000001d5b0000)]
  0x000000001b30f000 JavaThread "Thread-9" [_thread_blocked, id=7424, stack(0x000000001d1b0000,0x000000001d2b0000)]
  0x000000001b30e000 JavaThread "Stdin handler" [_thread_blocked, id=2240, stack(0x000000001d0b0000,0x000000001d1b0000)]
  0x000000001b26b000 JavaThread "Asynchronous log dispatcher for DefaultDaemonConnection: socket connection from /127.0.0.1:51636 to /127.0.0.1:51637" [_thread_blocked, id=4404, stack(0x000000001cfb0000,0x000000001d0b0000)]
  0x000000001b309800 JavaThread "Daemon worker" [_thread_in_vm, id=8912, stack(0x000000001ceb0000,0x000000001cfb0000)]
  0x000000001b310800 JavaThread "Cancel handler" [_thread_blocked, id=6212, stack(0x000000001cdb0000,0x000000001ceb0000)]
  0x000000001b2ee000 JavaThread "Handler for socket connection from /127.0.0.1:51636 to /127.0.0.1:51637" [_thread_in_native, id=11756, stack(0x000000001cab0000,0x000000001cbb0000)]
  0x000000001b2ec800 JavaThread "Daemon" [_thread_blocked, id=6600, stack(0x000000001c9b0000,0x000000001cab0000)]
  0x000000001b2dd800 JavaThread "Daemon periodic checks" [_thread_blocked, id=8128, stack(0x000000001c8b0000,0x000000001c9b0000)]
  0x000000001996c800 JavaThread "Incoming local TCP Connector on port 51636" [_thread_in_native, id=704, stack(0x000000001c670000,0x000000001c770000)]
  0x00000000198da000 JavaThread "Daemon health stats" [_thread_blocked, id=15612, stack(0x000000001c030000,0x000000001c130000)]
  0x00000000192c0800 JavaThread "Service Thread" daemon [_thread_blocked, id=8892, stack(0x0000000019690000,0x0000000019790000)]
  0x000000001794a000 JavaThread "C1 CompilerThread2" daemon [_thread_blocked, id=3720, stack(0x0000000019190000,0x0000000019290000)]
  0x0000000017943800 JavaThread "C2 CompilerThread1" daemon [_thread_in_native, id=3336, stack(0x0000000019090000,0x0000000019190000)]
=>0x0000000017934800 JavaThread "C2 CompilerThread0" daemon [_thread_in_native, id=6240, stack(0x0000000018f90000,0x0000000019090000)]
  0x0000000017933000 JavaThread "Attach Listener" daemon [_thread_blocked, id=7392, stack(0x0000000018e90000,0x0000000018f90000)]
  0x0000000017930800 JavaThread "Signal Dispatcher" daemon [_thread_blocked, id=10152, stack(0x0000000018d90000,0x0000000018e90000)]
  0x0000000002d09800 JavaThread "Finalizer" daemon [_thread_blocked, id=16088, stack(0x0000000018b90000,0x0000000018c90000)]
  0x0000000002d01000 JavaThread "Reference Handler" daemon [_thread_blocked, id=13080, stack(0x0000000018a90000,0x0000000018b90000)]
  0x0000000002c10800 JavaThread "main" [_thread_blocked, id=12948, stack(0x0000000002b10000,0x0000000002c10000)]

Other Threads:
  0x00000000178f6800 VMThread [stack: 0x0000000018990000,0x0000000018a90000] [id=16400]
  0x000000001798c000 WatcherThread [stack: 0x0000000019790000,0x0000000019890000] [id=11024]

VM state:not at safepoint (normal execution)

VM Mutex/Monitor currently owned by a thread: None

heap address: 0x0000000080000000, size: 2048 MB, Compressed Oops mode: 32-bit
Narrow klass base: 0x0000000000000000, Narrow klass shift: 3
Compressed class space size: 1073741824 Address: 0x0000000100000000

Heap:
 PSYoungGen      total 38400K, used 30678K [0x00000000d5580000, 0x00000000da080000, 0x0000000100000000)
  eden space 33280K, 76% used [0x00000000d5580000,0x00000000d6e7d9d0,0x00000000d7600000)
  from space 5120K, 99% used [0x00000000d7b00000,0x00000000d7ff8040,0x00000000d8000000)
  to   space 5120K, 0% used [0x00000000d7600000,0x00000000d7600000,0x00000000d7b00000)
 ParOldGen       total 87552K, used 3927K [0x0000000080000000, 0x0000000085580000, 0x00000000d5580000)
  object space 87552K, 4% used [0x0000000080000000,0x00000000803d5f30,0x0000000085580000)
 Metaspace       used 17970K, capacity 18474K, committed 18816K, reserved 1064960K
  class space    used 2450K, capacity 2635K, committed 2688K, reserved 1048576K

Card table byte_map: [0x00000000120d0000,0x00000000124e0000] byte_map_base: 0x0000000011cd0000

Marking Bits: (ParMarkBitMap*) 0x0000000077f7f030
 Begin Bits: [0x0000000012b90000, 0x0000000014b90000)
 End Bits:   [0x0000000014b90000, 0x0000000016b90000)

Polling page: 0x0000000001260000

CodeCache: size=245760Kb used=5710Kb max_used=5710Kb free=240049Kb
 bounds [0x0000000002d10000, 0x00000000032b0000, 0x0000000011d10000]
 total_blobs=2066 nmethods=1656 adapters=323
 compilation: enabled

Compilation events (10 events):
Event: 3.246 Thread 0x000000001794a000 1661       3       java.lang.Class::privateGetDeclaredConstructors (85 bytes)
Event: 3.247 Thread 0x000000001794a000 nmethod 1661 0x00000000032a3c10 code [0x00000000032a3de0, 0x00000000032a44d8]
Event: 3.250 Thread 0x000000001794a000 1662       3       org.objectweb.asm.SymbolTable::hash (10 bytes)
Event: 3.251 Thread 0x000000001794a000 nmethod 1662 0x00000000032a4790 code [0x00000000032a4900, 0x00000000032a4b08]
Event: 3.261 Thread 0x000000001794a000 1663       3       org.gradle.internal.service.DefaultServiceRegistry::access$1500 (6 bytes)
Event: 3.261 Thread 0x000000001794a000 nmethod 1663 0x00000000032a4bd0 code [0x00000000032a4d40, 0x00000000032a4ea8]
Event: 3.261 Thread 0x000000001794a000 1664       3       org.gradle.internal.service.DefaultServiceRegistry$ManagedObjectServiceProvider::requiredBy (20 bytes)
Event: 3.262 Thread 0x000000001794a000 nmethod 1664 0x00000000032a4f50 code [0x00000000032a50e0, 0x00000000032a5608]
Event: 3.262 Thread 0x000000001794a000 1665       3       org.gradle.internal.service.DefaultServiceRegistry$ManagedObjectServiceProvider::fromSameRegistry (27 bytes)
Event: 3.262 Thread 0x000000001794a000 nmethod 1665 0x00000000032a5750 code [0x00000000032a58c0, 0x00000000032a5c90]

GC Heap History (8 events):
Event: 1.015 GC heap before
{Heap before GC invocations=1 (full 0):
 PSYoungGen      total 38400K, used 33280K [0x00000000d5580000, 0x00000000d8000000, 0x0000000100000000)
  eden space 33280K, 100% used [0x00000000d5580000,0x00000000d7600000,0x00000000d7600000)
  from space 5120K, 0% used [0x00000000d7b00000,0x00000000d7b00000,0x00000000d8000000)
  to   space 5120K, 0% used [0x00000000d7600000,0x00000000d7600000,0x00000000d7b00000)
 ParOldGen       total 87552K, used 0K [0x0000000080000000, 0x0000000085580000, 0x00000000d5580000)
  object space 87552K, 0% used [0x0000000080000000,0x0000000080000000,0x0000000085580000)
 Metaspace       used 7169K, capacity 7360K, committed 7424K, reserved 1056768K
  class space    used 882K, capacity 968K, committed 1024K, reserved 1048576K
Event: 1.023 GC heap after
Heap after GC invocations=1 (full 0):
 PSYoungGen      total 38400K, used 4312K [0x00000000d5580000, 0x00000000d8000000, 0x0000000100000000)
  eden space 33280K, 0% used [0x00000000d5580000,0x00000000d5580000,0x00000000d7600000)
  from space 5120K, 84% used [0x00000000d7600000,0x00000000d7a36218,0x00000000d7b00000)
  to   space 5120K, 0% used [0x00000000d7b00000,0x00000000d7b00000,0x00000000d8000000)
 ParOldGen       total 87552K, used 8K [0x0000000080000000, 0x0000000085580000, 0x00000000d5580000)
  object space 87552K, 0% used [0x0000000080000000,0x0000000080002000,0x0000000085580000)
 Metaspace       used 7169K, capacity 7360K, committed 7424K, reserved 1056768K
  class space    used 882K, capacity 968K, committed 1024K, reserved 1048576K
}
Event: 1.342 GC heap before
{Heap before GC invocations=2 (full 0):
 PSYoungGen      total 38400K, used 37592K [0x00000000d5580000, 0x00000000d8000000, 0x0000000100000000)
  eden space 33280K, 100% used [0x00000000d5580000,0x00000000d7600000,0x00000000d7600000)
  from space 5120K, 84% used [0x00000000d7600000,0x00000000d7a36218,0x00000000d7b00000)
  to   space 5120K, 0% used [0x00000000d7b00000,0x00000000d7b00000,0x00000000d8000000)
 ParOldGen       total 87552K, used 8K [0x0000000080000000, 0x0000000085580000, 0x00000000d5580000)
  object space 87552K, 0% used [0x0000000080000000,0x0000000080002000,0x0000000085580000)
 Metaspace       used 7529K, capacity 7768K, committed 8064K, reserved 1056768K
  class space    used 943K, capacity 1040K, committed 1152K, reserved 1048576K
Event: 1.346 GC heap after
Heap after GC invocations=2 (full 0):
 PSYoungGen      total 38400K, used 3489K [0x00000000d5580000, 0x00000000d8000000, 0x0000000100000000)
  eden space 33280K, 0% used [0x00000000d5580000,0x00000000d5580000,0x00000000d7600000)
  from space 5120K, 68% used [0x00000000d7b00000,0x00000000d7e68598,0x00000000d8000000)
  to   space 5120K, 0% used [0x00000000d7600000,0x00000000d7600000,0x00000000d7b00000)
 ParOldGen       total 87552K, used 16K [0x0000000080000000, 0x0000000085580000, 0x00000000d5580000)
  object space 87552K, 0% used [0x0000000080000000,0x0000000080004000,0x0000000085580000)
 Metaspace       used 7529K, capacity 7768K, committed 8064K, reserved 1056768K
  class space    used 943K, capacity 1040K, committed 1152K, reserved 1048576K
}
Event: 2.497 GC heap before
{Heap before GC invocations=3 (full 0):
 PSYoungGen      total 38400K, used 36769K [0x00000000d5580000, 0x00000000d8000000, 0x0000000100000000)
  eden space 33280K, 100% used [0x00000000d5580000,0x00000000d7600000,0x00000000d7600000)
  from space 5120K, 68% used [0x00000000d7b00000,0x00000000d7e68598,0x00000000d8000000)
  to   space 5120K, 0% used [0x00000000d7600000,0x00000000d7600000,0x00000000d7b00000)
 ParOldGen       total 87552K, used 16K [0x0000000080000000, 0x0000000085580000, 0x00000000d5580000)
  object space 87552K, 0% used [0x0000000080000000,0x0000000080004000,0x0000000085580000)
 Metaspace       used 12481K, capacity 12876K, committed 13184K, reserved 1060864K
  class space    used 1678K, capacity 1820K, committed 1920K, reserved 1048576K
Event: 2.505 GC heap after
Heap after GC invocations=3 (full 0):
 PSYoungGen      total 38400K, used 5104K [0x00000000d5580000, 0x00000000d8000000, 0x0000000100000000)
  eden space 33280K, 0% used [0x00000000d5580000,0x00000000d5580000,0x00000000d7600000)
  from space 5120K, 99% used [0x00000000d7600000,0x00000000d7afc2f8,0x00000000d7b00000)
  to   space 5120K, 0% used [0x00000000d7b00000,0x00000000d7b00000,0x00000000d8000000)
 ParOldGen       total 87552K, used 1391K [0x0000000080000000, 0x0000000085580000, 0x00000000d5580000)
  object space 87552K, 1% used [0x0000000080000000,0x000000008015bdb0,0x0000000085580000)
 Metaspace       used 12481K, capacity 12876K, committed 13184K, reserved 1060864K
  class space    used 1678K, capacity 1820K, committed 1920K, reserved 1048576K
}
Event: 2.907 GC heap before
{Heap before GC invocations=4 (full 0):
 PSYoungGen      total 38400K, used 38384K [0x00000000d5580000, 0x00000000d8000000, 0x0000000100000000)
  eden space 33280K, 100% used [0x00000000d5580000,0x00000000d7600000,0x00000000d7600000)
  from space 5120K, 99% used [0x00000000d7600000,0x00000000d7afc2f8,0x00000000d7b00000)
  to   space 5120K, 0% used [0x00000000d7b00000,0x00000000d7b00000,0x00000000d8000000)
 ParOldGen       total 87552K, used 1391K [0x0000000080000000, 0x0000000085580000, 0x00000000d5580000)
  object space 87552K, 1% used [0x0000000080000000,0x000000008015bdb0,0x0000000085580000)
 Metaspace       used 15567K, capacity 15902K, committed 16128K, reserved 1062912K
  class space    used 2087K, capacity 2251K, committed 2304K, reserved 1048576K
Event: 2.917 GC heap after
Heap after GC invocations=4 (full 0):
 PSYoungGen      total 38400K, used 5088K [0x00000000d5580000, 0x00000000da080000, 0x0000000100000000)
  eden space 33280K, 0% used [0x00000000d5580000,0x00000000d5580000,0x00000000d7600000)
  from space 5120K, 99% used [0x00000000d7b00000,0x00000000d7ff8040,0x00000000d8000000)
  to   space 5120K, 0% used [0x00000000d7600000,0x00000000d7600000,0x00000000d7b00000)
 ParOldGen       total 87552K, used 3927K [0x0000000080000000, 0x0000000085580000, 0x00000000d5580000)
  object space 87552K, 4% used [0x0000000080000000,0x00000000803d5f30,0x0000000085580000)
 Metaspace       used 15567K, capacity 15902K, committed 16128K, reserved 1062912K
  class space    used 2087K, capacity 2251K, committed 2304K, reserved 1048576K
}

Deoptimization events (10 events):
Event: 2.339 Thread 0x000000001b2ee000 Uncommon trap: reason=unstable_if action=reinterpret pc=0x0000000003112968 method=java.util.concurrent.ConcurrentHashMap.putVal(Ljava/lang/Object;Ljava/lang/Object;Z)Ljava/lang/Object; @ 206
Event: 2.358 Thread 0x000000001b2ee000 Uncommon trap: reason=unstable_if action=reinterpret pc=0x000000000302ccd4 method=java.lang.String.substring(I)Ljava/lang/String; @ 35
Event: 2.427 Thread 0x000000001b309800 Uncommon trap: reason=bimorphic action=maybe_recompile pc=0x0000000002fdbc40 method=java.util.HashMap.putVal(ILjava/lang/Object;Ljava/lang/Object;ZZ)Ljava/lang/Object; @ 253
Event: 2.428 Thread 0x000000001b309800 Uncommon trap: reason=bimorphic action=maybe_recompile pc=0x0000000002fdbc40 method=java.util.HashMap.putVal(ILjava/lang/Object;Ljava/lang/Object;ZZ)Ljava/lang/Object; @ 253
Event: 2.428 Thread 0x000000001b309800 Uncommon trap: reason=bimorphic action=maybe_recompile pc=0x0000000002fdbc40 method=java.util.HashMap.putVal(ILjava/lang/Object;Ljava/lang/Object;ZZ)Ljava/lang/Object; @ 253
Event: 2.684 Thread 0x000000001b309800 Uncommon trap: reason=class_check action=maybe_recompile pc=0x0000000003030b98 method=java.util.regex.Matcher.match(II)Z @ 86
Event: 2.696 Thread 0x000000001b309800 Uncommon trap: reason=class_check action=maybe_recompile pc=0x0000000003030b98 method=java.util.regex.Matcher.match(II)Z @ 86
Event: 2.697 Thread 0x000000001b309800 Uncommon trap: reason=class_check action=maybe_recompile pc=0x0000000003030b98 method=java.util.regex.Matcher.match(II)Z @ 86
Event: 2.697 Thread 0x000000001b309800 Uncommon trap: reason=class_check action=maybe_recompile pc=0x0000000002ff211c method=java.util.regex.Matcher.match(II)Z @ 86
Event: 2.994 Thread 0x000000001b309800 Uncommon trap: reason=unstable_if action=reinterpret pc=0x000000000303481c method=java.io.File.getName()Ljava/lang/String; @ 16

Classes redefined (0 events):
No events

Internal exceptions (10 events):
Event: 2.352 Thread 0x000000001b2ee000 Exception <a 'java/lang/NoSuchMethodError': <clinit>> (0x00000000d6e5d860) thrown at [C:\src\AOSP-openjdk-git\hotspot\src\share\vm\prims\jni.cpp, line 1615]
Event: 2.353 Thread 0x000000001b2ee000 Exception <a 'java/lang/NoSuchMethodError': <clinit>> (0x00000000d6e66400) thrown at [C:\src\AOSP-openjdk-git\hotspot\src\share\vm\prims\jni.cpp, line 1615]
Event: 2.356 Thread 0x000000001b2ee000 Exception <a 'java/lang/NoSuchMethodError': <clinit>> (0x00000000d6e7c648) thrown at [C:\src\AOSP-openjdk-git\hotspot\src\share\vm\prims\jni.cpp, line 1615]
Event: 2.368 Thread 0x000000001b2ee000 Exception <a 'java/lang/NoSuchMethodError': <clinit>> (0x00000000d6ed6200) thrown at [C:\src\AOSP-openjdk-git\hotspot\src\share\vm\prims\jni.cpp, line 1615]
Event: 2.377 Thread 0x000000001b2ee000 Exception <a 'java/lang/NoSuchMethodError': <clinit>> (0x00000000d6f02af0) thrown at [C:\src\AOSP-openjdk-git\hotspot\src\share\vm\prims\jni.cpp, line 1615]
Event: 2.391 Thread 0x000000001b2ee000 Exception <a 'java/lang/NoSuchMethodError': <clinit>> (0x00000000d6f2f8e8) thrown at [C:\src\AOSP-openjdk-git\hotspot\src\share\vm\prims\jni.cpp, line 1615]
Event: 2.393 Thread 0x000000001b2ee000 Exception <a 'java/lang/NoSuchMethodError': <clinit>> (0x00000000d6f3a970) thrown at [C:\src\AOSP-openjdk-git\hotspot\src\share\vm\prims\jni.cpp, line 1615]
Event: 3.045 Thread 0x000000001b309800 Exception <a 'java/lang/NoSuchMethodError': java.lang.Object.lambda$and$0(Ljava/util/function/Predicate;Ljava/lang/Object;)Z> (0x00000000d60849c8) thrown at [C:\src\AOSP-openjdk-git\hotspot\src\share\vm\interpreter\linkResolver.cpp, line 620]
Event: 3.052 Thread 0x000000001b309800 Exception <a 'java/lang/IncompatibleClassChangeError': Found class java.lang.Object, but interface was expected> (0x00000000d60951b8) thrown at [C:\src\AOSP-openjdk-git\hotspot\src\share\vm\interpreter\linkResolver.cpp, line 653]
Event: 3.053 Thread 0x000000001b309800 Exception <a 'java/lang/NoSuchMethodError': java.lang.Object.lambda$or$2(Ljava/util/function/Predicate;Ljava/lang/Object;)Z> (0x00000000d609a0d8) thrown at [C:\src\AOSP-openjdk-git\hotspot\src\share\vm\interpreter\linkResolver.cpp, line 620]

Events (10 events):
Event: 3.273 loading class org/gradle/api/internal/file/ManagedFactories$DirectoryManagedFactory
Event: 3.273 loading class org/gradle/api/internal/file/ManagedFactories$DirectoryManagedFactory done
Event: 3.274 loading class org/gradle/api/file/Directory
Event: 3.274 loading class org/gradle/api/file/Directory done
Event: 3.274 loading class org/gradle/api/internal/file/DefaultFilePropertyFactory$FixedDirectory
Event: 3.274 loading class org/gradle/api/internal/file/DefaultFilePropertyFactory$FixedDirectory done
Event: 3.275 loading class org/gradle/api/internal/file/ManagedFactories$DirectoryPropertyManagedFactory
Event: 3.275 loading class org/gradle/api/internal/file/ManagedFactories$DirectoryPropertyManagedFactory done
Event: 3.275 loading class org/gradle/api/internal/file/DefaultFilePropertyFactory$DefaultDirectoryVar
Event: 3.275 loading class org/gradle/api/internal/file/DefaultFilePropertyFactory$DefaultDirectoryVar done


Dynamic libraries:
0x00007ff742cf0000 - 0x00007ff742d21000 	D:\Software\jre\bin\java.exe
0x00007fffc0ea0000 - 0x00007fffc1090000 	C:\WINDOWS\SYSTEM32\ntdll.dll
0x00007fffbf2a0000 - 0x00007fffbf352000 	C:\WINDOWS\System32\KERNEL32.DLL
0x00007fffbe050000 - 0x00007fffbe2f4000 	C:\WINDOWS\System32\KERNELBASE.dll
0x00007fffc06c0000 - 0x00007fffc0763000 	C:\WINDOWS\System32\ADVAPI32.dll
0x00007fffbfde0000 - 0x00007fffbfe7e000 	C:\WINDOWS\System32\msvcrt.dll
0x00007fffbfe80000 - 0x00007fffbff17000 	C:\WINDOWS\System32\sechost.dll
0x00007fffc00c0000 - 0x00007fffc01e0000 	C:\WINDOWS\System32\RPCRT4.dll
0x00007fffbf3e0000 - 0x00007fffbf574000 	C:\WINDOWS\System32\USER32.dll
0x00007fffbded0000 - 0x00007fffbdef1000 	C:\WINDOWS\System32\win32u.dll
0x00007fffbf580000 - 0x00007fffbf5a6000 	C:\WINDOWS\System32\GDI32.dll
0x00007fffbedb0000 - 0x00007fffbef46000 	C:\WINDOWS\System32\gdi32full.dll
0x00007fffbe520000 - 0x00007fffbe5be000 	C:\WINDOWS\System32\msvcp_win.dll
0x00007fffbdf00000 - 0x00007fffbdffa000 	C:\WINDOWS\System32\ucrtbase.dll
0x00007fffafbb0000 - 0x00007fffafe34000 	C:\WINDOWS\WinSxS\amd64_microsoft.windows.common-controls_6595b64144ccf1df_6.0.18362.959_none_e6c7bbbf130c62bb\COMCTL32.dll
0x00007fffbef60000 - 0x00007fffbf295000 	C:\WINDOWS\System32\combase.dll
0x00007fffbe300000 - 0x00007fffbe380000 	C:\WINDOWS\System32\bcryptPrimitives.dll
0x00007fffc0290000 - 0x00007fffc02be000 	C:\WINDOWS\System32\IMM32.DLL
0x0000000050290000 - 0x0000000050362000 	D:\Software\jre\jre\bin\msvcr100.dll
0x00000000777b0000 - 0x0000000077ffb000 	D:\Software\jre\jre\bin\server\jvm.dll
0x00007fffc06b0000 - 0x00007fffc06b8000 	C:\WINDOWS\System32\PSAPI.DLL
0x00007fffb4b20000 - 0x00007fffb4b44000 	C:\WINDOWS\SYSTEM32\WINMM.dll
0x00007fffb5e00000 - 0x00007fffb5e0a000 	C:\WINDOWS\SYSTEM32\VERSION.dll
0x00007fffb8f10000 - 0x00007fffb8f19000 	C:\WINDOWS\SYSTEM32\WSOCK32.dll
0x00007fffc02f0000 - 0x00007fffc035f000 	C:\WINDOWS\System32\WS2_32.dll
0x00007fffb48d0000 - 0x00007fffb48fd000 	C:\WINDOWS\SYSTEM32\winmmbase.dll
0x00007fffbe380000 - 0x00007fffbe3ca000 	C:\WINDOWS\System32\cfgmgr32.dll
0x00007fffb8f00000 - 0x00007fffb8f0f000 	D:\Software\jre\jre\bin\verify.dll
0x00007fffb8910000 - 0x00007fffb8939000 	D:\Software\jre\jre\bin\java.dll
0x00007fffb58b0000 - 0x00007fffb58c6000 	D:\Software\jre\jre\bin\zip.dll
0x00007fffbf5b0000 - 0x00007fffbfc96000 	C:\WINDOWS\System32\SHELL32.dll
0x00007fffc01e0000 - 0x00007fffc0289000 	C:\WINDOWS\System32\shcore.dll
0x00007fffbe620000 - 0x00007fffbeda2000 	C:\WINDOWS\System32\windows.storage.dll
0x00007fffbddf0000 - 0x00007fffbde13000 	C:\WINDOWS\System32\profapi.dll
0x00007fffbdda0000 - 0x00007fffbddea000 	C:\WINDOWS\System32\powrprof.dll
0x00007fffbdd50000 - 0x00007fffbdd60000 	C:\WINDOWS\System32\UMPDC.dll
0x00007fffc03e0000 - 0x00007fffc0432000 	C:\WINDOWS\System32\shlwapi.dll
0x00007fffbdd60000 - 0x00007fffbdd71000 	C:\WINDOWS\System32\kernel.appcore.dll
0x00007fffbe030000 - 0x00007fffbe047000 	C:\WINDOWS\System32\cryptsp.dll
0x00007fffb5750000 - 0x00007fffb576a000 	D:\Software\jre\jre\bin\net.dll
0x00007fffbd570000 - 0x00007fffbd5d7000 	C:\WINDOWS\system32\mswsock.dll
0x00007fffb5730000 - 0x00007fffb5743000 	D:\Software\jre\jre\bin\nio.dll
0x00007fffb8e20000 - 0x00007fffb8e46000 	C:\native\31\windows-amd64\native-platform.dll
0x00007fffb8d00000 - 0x00007fffb8d0d000 	D:\Software\jre\jre\bin\management.dll
0x00007fffbd0f0000 - 0x00007fffbd123000 	C:\WINDOWS\system32\rsaenh.dll
0x00007fffbe000000 - 0x00007fffbe026000 	C:\WINDOWS\System32\bcrypt.dll
0x00007fffbdc70000 - 0x00007fffbdc95000 	C:\WINDOWS\SYSTEM32\USERENV.dll
0x00007fffbd6f0000 - 0x00007fffbd6fc000 	C:\WINDOWS\SYSTEM32\CRYPTBASE.dll
0x00007fffbd290000 - 0x00007fffbd2ca000 	C:\WINDOWS\SYSTEM32\IPHLPAPI.DLL
0x00007fffbef50000 - 0x00007fffbef58000 	C:\WINDOWS\System32\NSI.dll
0x00007fffb70b0000 - 0x00007fffb70c6000 	C:\WINDOWS\SYSTEM32\dhcpcsvc6.DLL
0x00007fffb7090000 - 0x00007fffb70ac000 	C:\WINDOWS\SYSTEM32\dhcpcsvc.DLL
0x00007fffbd2d0000 - 0x00007fffbd39b000 	C:\WINDOWS\SYSTEM32\DNSAPI.dll

VM Arguments:
jvm_args: -Xmx2048m -Dfile.encoding=windows-1252 -Duser.country=US -Duser.language=en -Duser.variant 
java_command: org.gradle.launcher.daemon.bootstrap.GradleDaemon 6.1.1
java_class_path (initial): C:\wrapper\dists\gradle-6.1.1-all\cfmwm155h49vnt3hynmlrsdst\gradle-6.1.1\lib\gradle-launcher-6.1.1.jar
Launcher Type: SUN_STANDARD

Environment Variables:
PATH=C:\oraclexe\app\oracle\product\11.2.0\server\bin;;C:\oraclexe\app\oracle\product\11.2.0\server\bin;C:\WINDOWS\system32;C:\WINDOWS;C:\WINDOWS\System32\Wbem;C:\WINDOWS\System32\WindowsPowerShell\v1.0\;C:\WINDOWS\System32\OpenSSH\;C:\Users\User\AppData\Local\Microsoft\WindowsApps;;C:\Users\User\AppData\Local\Programs\Microsoft VS Code\bin
USERNAME=User
OS=Windows_NT
PROCESSOR_IDENTIFIER=Intel64 Family 6 Model 142 Stepping 9, GenuineIntel



---------------  S Y S T E M  ---------------

OS: Windows 10.0 , 64 bit Build 18362 (10.0.18362.959)

CPU:total 4 (initial active 4) (2 cores per cpu, 2 threads per core) family 6 model 142 stepping 9, cmov, cx8, fxsr, mmx, sse, sse2, sse3, ssse3, sse4.1, sse4.2, popcnt, avx, avx2, aes, clmul, erms, 3dnowpref, lzcnt, ht, tsc, tscinvbit, bmi1, bmi2, adx

Memory: 4k page, physical 8303524k(498104k free), swap 9839524k(5324k free)

vm_info: OpenJDK 64-Bit Server VM (25.242-b01) for windows-amd64 JRE (1.8.0_242-release-1644-b01), built by "builder" with MS VC++ 10.0 (VS2010)

time: Mon Jul 20 18:29:34 2020
timezone: Malay Peninsula Standard Time
elapsed time: 3 seconds (0d 0h 0m 3s)

