#
# There is insufficient memory for the Java Runtime Environment to continue.
# Native memory allocation (malloc) failed to allocate 2176976 bytes for Chunk::new
# Possible reasons:
#   The system is out of physical RAM or swap space
#   The process is running with CompressedOops enabled, and the Java Heap may be blocking the growth of the native heap
# Possible solutions:
#   Reduce memory load on the system
#   Increase physical memory or swap space
#   Check if swap backing store is full
#   Decrease Java heap size (-Xmx/-Xms)
#   Decrease number of Java threads
#   Decrease Java thread stack sizes (-Xss)
#   Set larger code cache with -XX:ReservedCodeCacheSize=
#   JVM is running with Unscaled Compressed Oops mode in which the Java heap is
#     placed in the first 4GB address space. The Java Heap base address is the
#     maximum limit for the native heap growth. Please use -XX:HeapBaseMinAddress
#     to set the Java Heap base and to place the Java Heap above 4GB virtual address.
# This output file may be truncated or incomplete.
#
#  Out of Memory Error (allocation.cpp:389), pid=4396, tid=0x00000000000043dc
#
# JRE version: OpenJDK Runtime Environment (8.0_242-b01) (build 1.8.0_242-release-1644-b01)
# Java VM: OpenJDK 64-Bit Server VM (25.242-b01 mixed mode windows-amd64 compressed oops)
# Failed to write core dump. Minidumps are not enabled by default on client versions of Windows
#

---------------  T H R E A D  ---------------

Current thread (0x0000000017404800):  JavaThread "C2 CompilerThread0" daemon [_thread_in_native, id=17372, stack(0x0000000018a70000,0x0000000018b70000)]

Stack: [0x0000000018a70000,0x0000000018b70000]
[error occurred during error reporting (printing stack bounds), id 0xc0000005]

Native frames: (J=compiled Java code, j=interpreted, Vv=VM code, C=native code)


Current CompileTask:
C2:   3548 1508       4       java.net.URLClassLoader$1::run (5 bytes)


---------------  P R O C E S S  ---------------

Java Threads: ( => current thread )
  0x000000001aa46000 JavaThread "Cache worker for file hash cache (C:\caches\6.1.1\fileHashes)" [_thread_blocked, id=7124, stack(0x000000001d190000,0x000000001d290000)]
  0x000000001aa4b000 JavaThread "File lock request listener" [_thread_in_native, id=17052, stack(0x000000001d090000,0x000000001d190000)]
  0x000000001a77e800 JavaThread "Cache worker for journal cache (C:\caches\journal-1)" [_thread_blocked, id=13360, stack(0x000000001cf90000,0x000000001d090000)]
  0x000000001af6d000 JavaThread "Thread-9" [_thread_blocked, id=5188, stack(0x000000001cc90000,0x000000001cd90000)]
  0x000000001aeb3000 JavaThread "Stdin handler" [_thread_blocked, id=3076, stack(0x000000001cb90000,0x000000001cc90000)]
  0x000000001aeb2800 JavaThread "Asynchronous log dispatcher for DefaultDaemonConnection: socket connection from /127.0.0.1:51907 to /127.0.0.1:51908" [_thread_blocked, id=840, stack(0x000000001ca90000,0x000000001cb90000)]
  0x000000001aedc800 JavaThread "Daemon worker" [_thread_in_vm, id=8128, stack(0x000000001c990000,0x000000001ca90000)]
  0x0000000019397800 JavaThread "Cancel handler" [_thread_blocked, id=3980, stack(0x000000001c890000,0x000000001c990000)]
  0x0000000019442000 JavaThread "Handler for socket connection from /127.0.0.1:51907 to /127.0.0.1:51908" [_thread_in_native, id=13468, stack(0x000000001c590000,0x000000001c690000)]
  0x00000000196d8800 JavaThread "Daemon" [_thread_blocked, id=11756, stack(0x000000001c490000,0x000000001c590000)]
  0x00000000196d7000 JavaThread "Daemon periodic checks" [_thread_blocked, id=14272, stack(0x000000001c390000,0x000000001c490000)]
  0x00000000196d6000 JavaThread "Incoming local TCP Connector on port 51907" [_thread_in_native, id=12448, stack(0x000000001c150000,0x000000001c250000)]
  0x000000001ab5a800 JavaThread "Daemon health stats" [_thread_blocked, id=15016, stack(0x000000001bb10000,0x000000001bc10000)]
  0x0000000018da0800 JavaThread "Service Thread" daemon [_thread_blocked, id=5936, stack(0x0000000019170000,0x0000000019270000)]
  0x0000000017419800 JavaThread "C1 CompilerThread2" daemon [_thread_blocked, id=3624, stack(0x0000000018c70000,0x0000000018d70000)]
  0x0000000017415800 JavaThread "C2 CompilerThread1" daemon [_thread_in_native, id=1756, stack(0x0000000018b70000,0x0000000018c70000)]
=>0x0000000017404800 JavaThread "C2 CompilerThread0" daemon [_thread_in_native, id=17372, stack(0x0000000018a70000,0x0000000018b70000)]
  0x0000000017403000 JavaThread "Attach Listener" daemon [_thread_blocked, id=12972, stack(0x0000000018970000,0x0000000018a70000)]
  0x0000000017400800 JavaThread "Signal Dispatcher" daemon [_thread_blocked, id=16676, stack(0x0000000018870000,0x0000000018970000)]
  0x00000000027d9800 JavaThread "Finalizer" daemon [_thread_blocked, id=17128, stack(0x0000000018670000,0x0000000018770000)]
  0x00000000027d1000 JavaThread "Reference Handler" daemon [_thread_blocked, id=7588, stack(0x0000000018570000,0x0000000018670000)]
  0x00000000026e0800 JavaThread "main" [_thread_blocked, id=14368, stack(0x0000000002550000,0x0000000002650000)]

Other Threads:
  0x00000000173c6800 VMThread [stack: 0x0000000018470000,0x0000000018570000] [id=6552]
  0x000000001745b800 WatcherThread [stack: 0x0000000019270000,0x0000000019370000] [id=10320]

VM state:not at safepoint (normal execution)

VM Mutex/Monitor currently owned by a thread: None

heap address: 0x0000000080000000, size: 2048 MB, Compressed Oops mode: 32-bit
Narrow klass base: 0x0000000000000000, Narrow klass shift: 3
Compressed class space size: 1073741824 Address: 0x0000000100000000

Heap:
 PSYoungGen      total 38400K, used 17484K [0x00000000d5580000, 0x00000000d8000000, 0x0000000100000000)
  eden space 33280K, 37% used [0x00000000d5580000,0x00000000d61970b8,0x00000000d7600000)
  from space 5120K, 99% used [0x00000000d7b00000,0x00000000d7ffc030,0x00000000d8000000)
  to   space 5120K, 0% used [0x00000000d7600000,0x00000000d7600000,0x00000000d7b00000)
 ParOldGen       total 87552K, used 3919K [0x0000000080000000, 0x0000000085580000, 0x00000000d5580000)
  object space 87552K, 4% used [0x0000000080000000,0x00000000803d3db0,0x0000000085580000)
 Metaspace       used 16558K, capacity 17080K, committed 17280K, reserved 1064960K
  class space    used 2246K, capacity 2430K, committed 2432K, reserved 1048576K

Card table byte_map: [0x0000000011ba0000,0x0000000011fb0000] byte_map_base: 0x00000000117a0000

Marking Bits: (ParMarkBitMap*) 0x0000000077f7f030
 Begin Bits: [0x0000000012660000, 0x0000000014660000)
 End Bits:   [0x0000000014660000, 0x0000000016660000)

Polling page: 0x0000000000720000

CodeCache: size=245760Kb used=5502Kb max_used=5502Kb free=240257Kb
 bounds [0x00000000027e0000, 0x0000000002d50000, 0x00000000117e0000]
 total_blobs=1963 nmethods=1562 adapters=314
 compilation: enabled

Compilation events (10 events):
Event: 3.466 Thread 0x0000000017419800 1561       3       java.lang.invoke.MethodType::basicType (8 bytes)
Event: 3.466 Thread 0x0000000017419800 nmethod 1561 0x0000000002d3fc10 code [0x0000000002d3fd60, 0x0000000002d3ff50]
Event: 3.466 Thread 0x0000000017419800 1562       3       com.google.common.collect.Hashing::smear (19 bytes)
Event: 3.466 Thread 0x0000000017419800 nmethod 1562 0x0000000002d40010 code [0x0000000002d40160, 0x0000000002d40330]
Event: 3.470 Thread 0x0000000017419800 1564       3       java.lang.invoke.LambdaForm::returnType (26 bytes)
Event: 3.470 Thread 0x0000000017419800 nmethod 1564 0x0000000002d40550 code [0x0000000002d406c0, 0x0000000002d40890]
Event: 3.472 Thread 0x0000000017419800 1565       1       java.lang.reflect.Method::getMethodAccessor (5 bytes)
Event: 3.472 Thread 0x0000000017419800 nmethod 1565 0x0000000002d40990 code [0x0000000002d40ae0, 0x0000000002d40bf0]
Event: 3.472 Thread 0x0000000017419800 1566       3       java.lang.reflect.Method::setMethodAccessor (21 bytes)
Event: 3.472 Thread 0x0000000017419800 nmethod 1566 0x0000000002d40c50 code [0x0000000002d40dc0, 0x0000000002d41168]

GC Heap History (8 events):
Event: 1.158 GC heap before
{Heap before GC invocations=1 (full 0):
 PSYoungGen      total 38400K, used 33280K [0x00000000d5580000, 0x00000000d8000000, 0x0000000100000000)
  eden space 33280K, 100% used [0x00000000d5580000,0x00000000d7600000,0x00000000d7600000)
  from space 5120K, 0% used [0x00000000d7b00000,0x00000000d7b00000,0x00000000d8000000)
  to   space 5120K, 0% used [0x00000000d7600000,0x00000000d7600000,0x00000000d7b00000)
 ParOldGen       total 87552K, used 0K [0x0000000080000000, 0x0000000085580000, 0x00000000d5580000)
  object space 87552K, 0% used [0x0000000080000000,0x0000000080000000,0x0000000085580000)
 Metaspace       used 7196K, capacity 7372K, committed 7680K, reserved 1056768K
  class space    used 882K, capacity 968K, committed 1024K, reserved 1048576K
Event: 1.167 GC heap after
Heap after GC invocations=1 (full 0):
 PSYoungGen      total 38400K, used 4318K [0x00000000d5580000, 0x00000000d8000000, 0x0000000100000000)
  eden space 33280K, 0% used [0x00000000d5580000,0x00000000d5580000,0x00000000d7600000)
  from space 5120K, 84% used [0x00000000d7600000,0x00000000d7a37b48,0x00000000d7b00000)
  to   space 5120K, 0% used [0x00000000d7b00000,0x00000000d7b00000,0x00000000d8000000)
 ParOldGen       total 87552K, used 8K [0x0000000080000000, 0x0000000085580000, 0x00000000d5580000)
  object space 87552K, 0% used [0x0000000080000000,0x0000000080002000,0x0000000085580000)
 Metaspace       used 7196K, capacity 7372K, committed 7680K, reserved 1056768K
  class space    used 882K, capacity 968K, committed 1024K, reserved 1048576K
}
Event: 1.504 GC heap before
{Heap before GC invocations=2 (full 0):
 PSYoungGen      total 38400K, used 37598K [0x00000000d5580000, 0x00000000d8000000, 0x0000000100000000)
  eden space 33280K, 100% used [0x00000000d5580000,0x00000000d7600000,0x00000000d7600000)
  from space 5120K, 84% used [0x00000000d7600000,0x00000000d7a37b48,0x00000000d7b00000)
  to   space 5120K, 0% used [0x00000000d7b00000,0x00000000d7b00000,0x00000000d8000000)
 ParOldGen       total 87552K, used 8K [0x0000000080000000, 0x0000000085580000, 0x00000000d5580000)
  object space 87552K, 0% used [0x0000000080000000,0x0000000080002000,0x0000000085580000)
 Metaspace       used 7542K, capacity 7780K, committed 8064K, reserved 1056768K
  class space    used 943K, capacity 1040K, committed 1152K, reserved 1048576K
Event: 1.509 GC heap after
Heap after GC invocations=2 (full 0):
 PSYoungGen      total 38400K, used 3521K [0x00000000d5580000, 0x00000000da080000, 0x0000000100000000)
  eden space 33280K, 0% used [0x00000000d5580000,0x00000000d5580000,0x00000000d7600000)
  from space 5120K, 68% used [0x00000000d7b00000,0x00000000d7e70598,0x00000000d8000000)
  to   space 5120K, 0% used [0x00000000d7600000,0x00000000d7600000,0x00000000d7b00000)
 ParOldGen       total 87552K, used 16K [0x0000000080000000, 0x0000000085580000, 0x00000000d5580000)
  object space 87552K, 0% used [0x0000000080000000,0x0000000080004000,0x0000000085580000)
 Metaspace       used 7542K, capacity 7780K, committed 8064K, reserved 1056768K
  class space    used 943K, capacity 1040K, committed 1152K, reserved 1048576K
}
Event: 2.712 GC heap before
{Heap before GC invocations=3 (full 0):
 PSYoungGen      total 38400K, used 36801K [0x00000000d5580000, 0x00000000da080000, 0x0000000100000000)
  eden space 33280K, 100% used [0x00000000d5580000,0x00000000d7600000,0x00000000d7600000)
  from space 5120K, 68% used [0x00000000d7b00000,0x00000000d7e70598,0x00000000d8000000)
  to   space 5120K, 0% used [0x00000000d7600000,0x00000000d7600000,0x00000000d7b00000)
 ParOldGen       total 87552K, used 16K [0x0000000080000000, 0x0000000085580000, 0x00000000d5580000)
  object space 87552K, 0% used [0x0000000080000000,0x0000000080004000,0x0000000085580000)
 Metaspace       used 12465K, capacity 12824K, committed 12928K, reserved 1060864K
  class space    used 1677K, capacity 1820K, committed 1920K, reserved 1048576K
Event: 2.720 GC heap after
Heap after GC invocations=3 (full 0):
 PSYoungGen      total 38400K, used 5088K [0x00000000d5580000, 0x00000000d8000000, 0x0000000100000000)
  eden space 33280K, 0% used [0x00000000d5580000,0x00000000d5580000,0x00000000d7600000)
  from space 5120K, 99% used [0x00000000d7600000,0x00000000d7af8020,0x00000000d7b00000)
  to   space 5120K, 0% used [0x00000000d7b00000,0x00000000d7b00000,0x00000000d8000000)
 ParOldGen       total 87552K, used 1389K [0x0000000080000000, 0x0000000085580000, 0x00000000d5580000)
  object space 87552K, 1% used [0x0000000080000000,0x000000008015b7d0,0x0000000085580000)
 Metaspace       used 12465K, capacity 12824K, committed 12928K, reserved 1060864K
  class space    used 1677K, capacity 1820K, committed 1920K, reserved 1048576K
}
Event: 3.222 GC heap before
{Heap before GC invocations=4 (full 0):
 PSYoungGen      total 38400K, used 38368K [0x00000000d5580000, 0x00000000d8000000, 0x0000000100000000)
  eden space 33280K, 100% used [0x00000000d5580000,0x00000000d7600000,0x00000000d7600000)
  from space 5120K, 99% used [0x00000000d7600000,0x00000000d7af8020,0x00000000d7b00000)
  to   space 5120K, 0% used [0x00000000d7b00000,0x00000000d7b00000,0x00000000d8000000)
 ParOldGen       total 87552K, used 1389K [0x0000000080000000, 0x0000000085580000, 0x00000000d5580000)
  object space 87552K, 1% used [0x0000000080000000,0x000000008015b7d0,0x0000000085580000)
 Metaspace       used 15535K, capacity 15914K, committed 16128K, reserved 1062912K
  class space    used 2088K, capacity 2251K, committed 2304K, reserved 1048576K
Event: 3.233 GC heap after
Heap after GC invocations=4 (full 0):
 PSYoungGen      total 38400K, used 5104K [0x00000000d5580000, 0x00000000d8000000, 0x0000000100000000)
  eden space 33280K, 0% used [0x00000000d5580000,0x00000000d5580000,0x00000000d7600000)
  from space 5120K, 99% used [0x00000000d7b00000,0x00000000d7ffc030,0x00000000d8000000)
  to   space 5120K, 0% used [0x00000000d7600000,0x00000000d7600000,0x00000000d7b00000)
 ParOldGen       total 87552K, used 3919K [0x0000000080000000, 0x0000000085580000, 0x00000000d5580000)
  object space 87552K, 4% used [0x0000000080000000,0x00000000803d3db0,0x0000000085580000)
 Metaspace       used 15535K, capacity 15914K, committed 16128K, reserved 1062912K
  class space    used 2088K, capacity 2251K, committed 2304K, reserved 1048576K
}

Deoptimization events (10 events):
Event: 2.601 Thread 0x0000000019442000 Uncommon trap: reason=unstable_if action=reinterpret pc=0x0000000002b0e51c method=java.lang.String.substring(I)Ljava/lang/String; @ 35
Event: 2.650 Thread 0x000000001aedc800 Uncommon trap: reason=bimorphic action=maybe_recompile pc=0x0000000002abc054 method=java.util.HashMap.putVal(ILjava/lang/Object;Ljava/lang/Object;ZZ)Ljava/lang/Object; @ 253
Event: 2.650 Thread 0x000000001aedc800 Uncommon trap: reason=bimorphic action=maybe_recompile pc=0x0000000002abc054 method=java.util.HashMap.putVal(ILjava/lang/Object;Ljava/lang/Object;ZZ)Ljava/lang/Object; @ 253
Event: 2.650 Thread 0x000000001aedc800 Uncommon trap: reason=bimorphic action=maybe_recompile pc=0x0000000002abc054 method=java.util.HashMap.putVal(ILjava/lang/Object;Ljava/lang/Object;ZZ)Ljava/lang/Object; @ 253
Event: 2.650 Thread 0x000000001aedc800 Uncommon trap: reason=bimorphic action=maybe_recompile pc=0x0000000002abc054 method=java.util.HashMap.putVal(ILjava/lang/Object;Ljava/lang/Object;ZZ)Ljava/lang/Object; @ 253
Event: 2.945 Thread 0x000000001aedc800 Uncommon trap: reason=class_check action=maybe_recompile pc=0x0000000002b11198 method=java.util.regex.Matcher.match(II)Z @ 86
Event: 2.945 Thread 0x000000001aedc800 Uncommon trap: reason=class_check action=maybe_recompile pc=0x0000000002b11198 method=java.util.regex.Matcher.match(II)Z @ 86
Event: 2.946 Thread 0x000000001aedc800 Uncommon trap: reason=class_check action=maybe_recompile pc=0x0000000002b11198 method=java.util.regex.Matcher.match(II)Z @ 86
Event: 2.946 Thread 0x000000001aedc800 Uncommon trap: reason=class_check action=maybe_recompile pc=0x0000000002adc120 method=java.util.regex.Matcher.match(II)Z @ 86
Event: 3.353 Thread 0x000000001aedc800 Uncommon trap: reason=unstable_if action=reinterpret pc=0x0000000002b0f8dc method=java.io.File.getName()Ljava/lang/String; @ 16

Classes redefined (0 events):
No events

Internal exceptions (10 events):
Event: 2.589 Thread 0x0000000019442000 Exception <a 'java/lang/NoSuchMethodError': <clinit>> (0x00000000d6e462a8) thrown at [C:\src\AOSP-openjdk-git\hotspot\src\share\vm\prims\jni.cpp, line 1615]
Event: 2.592 Thread 0x0000000019442000 Exception <a 'java/lang/NoSuchMethodError': <clinit>> (0x00000000d6e5dd08) thrown at [C:\src\AOSP-openjdk-git\hotspot\src\share\vm\prims\jni.cpp, line 1615]
Event: 2.593 Thread 0x0000000019442000 Exception <a 'java/lang/NoSuchMethodError': <clinit>> (0x00000000d6e668a8) thrown at [C:\src\AOSP-openjdk-git\hotspot\src\share\vm\prims\jni.cpp, line 1615]
Event: 2.595 Thread 0x0000000019442000 Exception <a 'java/lang/NoSuchMethodError': <clinit>> (0x00000000d6e7caa0) thrown at [C:\src\AOSP-openjdk-git\hotspot\src\share\vm\prims\jni.cpp, line 1615]
Event: 2.612 Thread 0x0000000019442000 Exception <a 'java/lang/NoSuchMethodError': <clinit>> (0x00000000d6ee0f58) thrown at [C:\src\AOSP-openjdk-git\hotspot\src\share\vm\prims\jni.cpp, line 1615]
Event: 2.617 Thread 0x0000000019442000 Exception <a 'java/lang/NoSuchMethodError': <clinit>> (0x00000000d6f0d5b0) thrown at [C:\src\AOSP-openjdk-git\hotspot\src\share\vm\prims\jni.cpp, line 1615]
Event: 2.621 Thread 0x0000000019442000 Exception <a 'java/lang/NoSuchMethodError': <clinit>> (0x00000000d6f2a0c0) thrown at [C:\src\AOSP-openjdk-git\hotspot\src\share\vm\prims\jni.cpp, line 1615]
Event: 3.456 Thread 0x000000001aedc800 Exception <a 'java/lang/NoSuchMethodError': java.lang.Object.lambda$and$0(Ljava/util/function/Predicate;Ljava/lang/Object;)Z> (0x00000000d6085b70) thrown at [C:\src\AOSP-openjdk-git\hotspot\src\share\vm\interpreter\linkResolver.cpp, line 620]
Event: 3.464 Thread 0x000000001aedc800 Exception <a 'java/lang/IncompatibleClassChangeError': Found class java.lang.Object, but interface was expected> (0x00000000d6096360) thrown at [C:\src\AOSP-openjdk-git\hotspot\src\share\vm\interpreter\linkResolver.cpp, line 653]
Event: 3.465 Thread 0x000000001aedc800 Exception <a 'java/lang/NoSuchMethodError': java.lang.Object.lambda$or$2(Ljava/util/function/Predicate;Ljava/lang/Object;)Z> (0x00000000d609b280) thrown at [C:\src\AOSP-openjdk-git\hotspot\src\share\vm\interpreter\linkResolver.cpp, line 620]

Events (10 events):
Event: 3.485 loading class org/gradle/api/internal/changedetection/state/ZipHasher
Event: 3.485 loading class org/gradle/api/internal/changedetection/state/ZipHasher done
Event: 3.486 loading class org/gradle/api/internal/changedetection/state/ZipInput
Event: 3.486 loading class org/gradle/api/internal/changedetection/state/ZipInput done
Event: 3.487 loading class org/gradle/api/tasks/util/internal/PatternSets
Event: 3.487 loading class org/gradle/api/tasks/util/internal/PatternSets done
Event: 3.487 loading class org/gradle/api/tasks/util/internal/PatternSets$PatternSetFactory
Event: 3.487 loading class org/gradle/api/tasks/util/internal/PatternSets$PatternSetFactory done
Event: 3.488 loading class org/gradle/api/tasks/util/internal/PatternSets$InternalPatternSet
Event: 3.488 loading class org/gradle/api/tasks/util/internal/PatternSets$InternalPatternSet done


Dynamic libraries:
0x00007ff742cf0000 - 0x00007ff742d21000 	D:\Software\jre\bin\java.exe
0x00007fffc0ea0000 - 0x00007fffc1090000 	C:\WINDOWS\SYSTEM32\ntdll.dll
0x00007fffbf2a0000 - 0x00007fffbf352000 	C:\WINDOWS\System32\KERNEL32.DLL
0x00007fffbe050000 - 0x00007fffbe2f4000 	C:\WINDOWS\System32\KERNELBASE.dll
0x00007fffc06c0000 - 0x00007fffc0763000 	C:\WINDOWS\System32\ADVAPI32.dll
0x00007fffbfde0000 - 0x00007fffbfe7e000 	C:\WINDOWS\System32\msvcrt.dll
0x00007fffbfe80000 - 0x00007fffbff17000 	C:\WINDOWS\System32\sechost.dll
0x00007fffc00c0000 - 0x00007fffc01e0000 	C:\WINDOWS\System32\RPCRT4.dll
0x00007fffbf3e0000 - 0x00007fffbf574000 	C:\WINDOWS\System32\USER32.dll
0x00007fffbded0000 - 0x00007fffbdef1000 	C:\WINDOWS\System32\win32u.dll
0x00007fffbf580000 - 0x00007fffbf5a6000 	C:\WINDOWS\System32\GDI32.dll
0x00007fffbedb0000 - 0x00007fffbef46000 	C:\WINDOWS\System32\gdi32full.dll
0x00007fffbe520000 - 0x00007fffbe5be000 	C:\WINDOWS\System32\msvcp_win.dll
0x00007fffbdf00000 - 0x00007fffbdffa000 	C:\WINDOWS\System32\ucrtbase.dll
0x00007fffafbb0000 - 0x00007fffafe34000 	C:\WINDOWS\WinSxS\amd64_microsoft.windows.common-controls_6595b64144ccf1df_6.0.18362.959_none_e6c7bbbf130c62bb\COMCTL32.dll
0x00007fffbef60000 - 0x00007fffbf295000 	C:\WINDOWS\System32\combase.dll
0x00007fffbe300000 - 0x00007fffbe380000 	C:\WINDOWS\System32\bcryptPrimitives.dll
0x00007fffc0290000 - 0x00007fffc02be000 	C:\WINDOWS\System32\IMM32.DLL
0x0000000050290000 - 0x0000000050362000 	D:\Software\jre\jre\bin\msvcr100.dll
0x00000000777b0000 - 0x0000000077ffb000 	D:\Software\jre\jre\bin\server\jvm.dll
0x00007fffc06b0000 - 0x00007fffc06b8000 	C:\WINDOWS\System32\PSAPI.DLL
0x00007fffb4b20000 - 0x00007fffb4b44000 	C:\WINDOWS\SYSTEM32\WINMM.dll
0x00007fffb8f10000 - 0x00007fffb8f19000 	C:\WINDOWS\SYSTEM32\WSOCK32.dll
0x00007fffc02f0000 - 0x00007fffc035f000 	C:\WINDOWS\System32\WS2_32.dll
0x00007fffb5e00000 - 0x00007fffb5e0a000 	C:\WINDOWS\SYSTEM32\VERSION.dll
0x00007fffb48d0000 - 0x00007fffb48fd000 	C:\WINDOWS\SYSTEM32\WINMMBASE.dll
0x00007fffbe380000 - 0x00007fffbe3ca000 	C:\WINDOWS\System32\cfgmgr32.dll
0x00007fffb8f00000 - 0x00007fffb8f0f000 	D:\Software\jre\jre\bin\verify.dll
0x00007fffb8910000 - 0x00007fffb8939000 	D:\Software\jre\jre\bin\java.dll
0x00007fffb58b0000 - 0x00007fffb58c6000 	D:\Software\jre\jre\bin\zip.dll
0x00007fffbf5b0000 - 0x00007fffbfc96000 	C:\WINDOWS\System32\SHELL32.dll
0x00007fffc01e0000 - 0x00007fffc0289000 	C:\WINDOWS\System32\shcore.dll
0x00007fffbe620000 - 0x00007fffbeda2000 	C:\WINDOWS\System32\windows.storage.dll
0x00007fffbddf0000 - 0x00007fffbde13000 	C:\WINDOWS\System32\profapi.dll
0x00007fffbdda0000 - 0x00007fffbddea000 	C:\WINDOWS\System32\powrprof.dll
0x00007fffbdd50000 - 0x00007fffbdd60000 	C:\WINDOWS\System32\UMPDC.dll
0x00007fffc03e0000 - 0x00007fffc0432000 	C:\WINDOWS\System32\shlwapi.dll
0x00007fffbdd60000 - 0x00007fffbdd71000 	C:\WINDOWS\System32\kernel.appcore.dll
0x00007fffbe030000 - 0x00007fffbe047000 	C:\WINDOWS\System32\cryptsp.dll
0x00007fffb5750000 - 0x00007fffb576a000 	D:\Software\jre\jre\bin\net.dll
0x00007fffbd570000 - 0x00007fffbd5d7000 	C:\WINDOWS\system32\mswsock.dll
0x00007fffb5730000 - 0x00007fffb5743000 	D:\Software\jre\jre\bin\nio.dll
0x00007fffb8e20000 - 0x00007fffb8e46000 	C:\native\31\windows-amd64\native-platform.dll
0x00007fffb8d00000 - 0x00007fffb8d0d000 	D:\Software\jre\jre\bin\management.dll
0x00007fffbd0f0000 - 0x00007fffbd123000 	C:\WINDOWS\system32\rsaenh.dll
0x00007fffbe000000 - 0x00007fffbe026000 	C:\WINDOWS\System32\bcrypt.dll
0x00007fffbdc70000 - 0x00007fffbdc95000 	C:\WINDOWS\SYSTEM32\USERENV.dll
0x00007fffbd6f0000 - 0x00007fffbd6fc000 	C:\WINDOWS\SYSTEM32\CRYPTBASE.dll
0x00007fffbd290000 - 0x00007fffbd2ca000 	C:\WINDOWS\SYSTEM32\IPHLPAPI.DLL
0x00007fffbef50000 - 0x00007fffbef58000 	C:\WINDOWS\System32\NSI.dll
0x00007fffb70b0000 - 0x00007fffb70c6000 	C:\WINDOWS\SYSTEM32\dhcpcsvc6.DLL
0x00007fffb7090000 - 0x00007fffb70ac000 	C:\WINDOWS\SYSTEM32\dhcpcsvc.DLL
0x00007fffbd2d0000 - 0x00007fffbd39b000 	C:\WINDOWS\SYSTEM32\DNSAPI.dll

VM Arguments:
jvm_args: -Xmx2048m -Dfile.encoding=windows-1252 -Duser.country=US -Duser.language=en -Duser.variant 
java_command: org.gradle.launcher.daemon.bootstrap.GradleDaemon 6.1.1
java_class_path (initial): C:\wrapper\dists\gradle-6.1.1-all\cfmwm155h49vnt3hynmlrsdst\gradle-6.1.1\lib\gradle-launcher-6.1.1.jar
Launcher Type: SUN_STANDARD

Environment Variables:
PATH=C:\oraclexe\app\oracle\product\11.2.0\server\bin;;C:\oraclexe\app\oracle\product\11.2.0\server\bin;C:\WINDOWS\system32;C:\WINDOWS;C:\WINDOWS\System32\Wbem;C:\WINDOWS\System32\WindowsPowerShell\v1.0\;C:\WINDOWS\System32\OpenSSH\;C:\Users\User\AppData\Local\Microsoft\WindowsApps;;C:\Users\User\AppData\Local\Programs\Microsoft VS Code\bin
USERNAME=User
OS=Windows_NT
PROCESSOR_IDENTIFIER=Intel64 Family 6 Model 142 Stepping 9, GenuineIntel



---------------  S Y S T E M  ---------------

OS: Windows 10.0 , 64 bit Build 18362 (10.0.18362.959)

CPU:total 4 (initial active 4) (2 cores per cpu, 2 threads per core) family 6 model 142 stepping 9, cmov, cx8, fxsr, mmx, sse, sse2, sse3, ssse3, sse4.1, sse4.2, popcnt, avx, avx2, aes, clmul, erms, 3dnowpref, lzcnt, ht, tsc, tscinvbit, bmi1, bmi2, adx

Memory: 4k page, physical 8303524k(651124k free), swap 9839524k(5520k free)

vm_info: OpenJDK 64-Bit Server VM (25.242-b01) for windows-amd64 JRE (1.8.0_242-release-1644-b01), built by "builder" with MS VC++ 10.0 (VS2010)

time: Mon Jul 20 18:39:08 2020
timezone: Malay Peninsula Standard Time
elapsed time: 3 seconds (0d 0h 0m 3s)

