#
# There is insufficient memory for the Java Runtime Environment to continue.
# Native memory allocation (malloc) failed to allocate 1306416 bytes for Chunk::new
# Possible reasons:
#   The system is out of physical RAM or swap space
#   The process is running with CompressedOops enabled, and the Java Heap may be blocking the growth of the native heap
# Possible solutions:
#   Reduce memory load on the system
#   Increase physical memory or swap space
#   Check if swap backing store is full
#   Decrease Java heap size (-Xmx/-Xms)
#   Decrease number of Java threads
#   Decrease Java thread stack sizes (-Xss)
#   Set larger code cache with -XX:ReservedCodeCacheSize=
#   JVM is running with Unscaled Compressed Oops mode in which the Java heap is
#     placed in the first 4GB address space. The Java Heap base address is the
#     maximum limit for the native heap growth. Please use -XX:HeapBaseMinAddress
#     to set the Java Heap base and to place the Java Heap above 4GB virtual address.
# This output file may be truncated or incomplete.
#
#  Out of Memory Error (allocation.cpp:389), pid=10332, tid=0x0000000000003dc4
#
# JRE version: OpenJDK Runtime Environment (8.0_242-b01) (build 1.8.0_242-release-1644-b01)
# Java VM: OpenJDK 64-Bit Server VM (25.242-b01 mixed mode windows-amd64 compressed oops)
# Failed to write core dump. Minidumps are not enabled by default on client versions of Windows
#

---------------  T H R E A D  ---------------

Current thread (0x00000000174cb800):  JavaThread "C2 CompilerThread1" daemon [_thread_in_native, id=15812, stack(0x0000000018c20000,0x0000000018d20000)]

Stack: [0x0000000018c20000,0x0000000018d20000]
[error occurred during error reporting (printing stack bounds), id 0xc0000005]

Native frames: (J=compiled Java code, j=interpreted, Vv=VM code, C=native code)


Current CompileTask:
C2:  30512 8730 % !   4       com.android.ide.common.resources.DataMerger::mergeData @ 148 (611 bytes)


---------------  P R O C E S S  ---------------

Java Threads: ( => current thread )
  0x000000002013f800 JavaThread "WorkerExecutor Queue Thread 4" [_thread_blocked, id=4772, stack(0x0000000025a90000,0x0000000025b90000)]
  0x0000000020141800 JavaThread "WorkerExecutor Queue Thread 3" [_thread_blocked, id=11696, stack(0x0000000025990000,0x0000000025a90000)]
  0x0000000020143000 JavaThread "WorkerExecutor Queue Thread 2" [_thread_blocked, id=2624, stack(0x0000000025890000,0x0000000025990000)]
  0x0000000020140000 JavaThread "WorkerExecutor Queue" [_thread_in_vm, id=11700, stack(0x0000000025790000,0x0000000025890000)]
  0x000000001d953800 JavaThread "stdout" [_thread_in_native, id=9400, stack(0x0000000025390000,0x0000000025490000)]
  0x000000001d95a000 JavaThread "stderr" [_thread_in_native, id=5196, stack(0x0000000025290000,0x0000000025390000)]
  0x000000001d952800 JavaThread "stdout" [_thread_in_native, id=1272, stack(0x0000000025190000,0x0000000025290000)]
  0x000000001d954000 JavaThread "stderr" [_thread_in_native, id=2696, stack(0x0000000025090000,0x0000000025190000)]
  0x000000001d958000 JavaThread "pool-2-thread-1" [_thread_blocked, id=7348, stack(0x0000000024f90000,0x0000000025090000)]
  0x000000001d957000 JavaThread "Cache worker for execution history cache (C:\Users\User\ass1\.gradle\6.1.1\executionHistory)" [_thread_blocked, id=1684, stack(0x0000000024c40000,0x0000000024d40000)]
  0x000000001d959800 JavaThread "Execution worker for ':' Thread 3" [_thread_blocked, id=13240, stack(0x0000000024b40000,0x0000000024c40000)]
  0x000000001d951000 JavaThread "Execution worker for ':' Thread 2" [_thread_blocked, id=8600, stack(0x0000000024a40000,0x0000000024b40000)]
  0x000000001d955800 JavaThread "Execution worker for ':'" [_thread_blocked, id=12460, stack(0x0000000024940000,0x0000000024a40000)]
  0x000000001d955000 JavaThread "Cache worker for file content cache (C:\Users\User\ass1\.gradle\6.1.1\fileContent)" [_thread_blocked, id=15632, stack(0x0000000024440000,0x0000000024540000)]
  0x000000001d956800 JavaThread "Cache worker for file content cache (C:\caches\6.1.1\fileContent)" [_thread_blocked, id=6624, stack(0x0000000024340000,0x0000000024440000)]
  0x000000001d94e000 JavaThread "Memory manager" [_thread_blocked, id=12900, stack(0x0000000023ff0000,0x00000000240f0000)]
  0x000000001d952000 JavaThread "Cache worker for Build Output Cleanup Cache (C:\Users\User\ass1\.gradle\buildOutputCleanup)" [_thread_blocked, id=10596, stack(0x0000000022250000,0x0000000022350000)]
  0x0000000019010000 JavaThread "pool-1-thread-1" [_thread_blocked, id=17096, stack(0x0000000021a30000,0x0000000021b30000)]
  0x000000001900e800 JavaThread "Build operations Thread 4" [_thread_blocked, id=1244, stack(0x0000000021cc0000,0x0000000021dc0000)]
  0x0000000019013000 JavaThread "Build operations Thread 3" [_thread_blocked, id=8840, stack(0x0000000021bc0000,0x0000000021cc0000)]
  0x000000001900f000 JavaThread "Build operations Thread 2" [_thread_blocked, id=3948, stack(0x000000001fd50000,0x000000001fe50000)]
  0x000000001900d800 JavaThread "Build operations" [_thread_blocked, id=11652, stack(0x000000001f9e0000,0x000000001fae0000)]
  0x00000000174dd000 JavaThread "Cache worker for execution history cache (C:\caches\6.1.1\executionHistory)" [_thread_blocked, id=7256, stack(0x000000001f8e0000,0x000000001f9e0000)]
  0x00000000174e1800 JavaThread "Cache worker for cache directory md-rule (C:\caches\6.1.1\md-rule)" [_thread_blocked, id=15292, stack(0x000000001f7e0000,0x000000001f8e0000)]
  0x00000000174df000 JavaThread "Cache worker for cache directory md-supplier (C:\caches\6.1.1\md-supplier)" [_thread_blocked, id=8952, stack(0x000000001f4e0000,0x000000001f5e0000)]
  0x00000000174da800 JavaThread "Cache worker for file hash cache (C:\Users\User\ass1\.gradle\6.1.1\fileHashes)" [_thread_blocked, id=15828, stack(0x0000000020f30000,0x0000000021030000)]
  0x00000000174e0800 JavaThread "Cache worker for checksums cache (C:\Users\User\ass1\.gradle\checksums)" [_thread_blocked, id=2100, stack(0x0000000020e30000,0x0000000020f30000)]
  0x00000000174de800 JavaThread "Cache worker for file hash cache (C:\caches\6.1.1\fileHashes)" [_thread_blocked, id=13056, stack(0x000000001d240000,0x000000001d340000)]
  0x00000000174dd800 JavaThread "File lock request listener" [_thread_in_native, id=14468, stack(0x000000001d140000,0x000000001d240000)]
  0x00000000198ef800 JavaThread "Cache worker for journal cache (C:\caches\journal-1)" [_thread_blocked, id=13168, stack(0x000000001d040000,0x000000001d140000)]
  0x000000001ae57800 JavaThread "Thread-9" [_thread_blocked, id=6280, stack(0x000000001cd40000,0x000000001ce40000)]
  0x000000001ae49000 JavaThread "Stdin handler" [_thread_blocked, id=636, stack(0x000000001cc40000,0x000000001cd40000)]
  0x000000001aec0800 JavaThread "Asynchronous log dispatcher for DefaultDaemonConnection: socket connection from /127.0.0.1:56197 to /127.0.0.1:56198" [_thread_blocked, id=17288, stack(0x000000001cb40000,0x000000001cc40000)]
  0x000000001aecd800 JavaThread "Daemon worker" [_thread_in_native, id=10324, stack(0x000000001ca40000,0x000000001cb40000)]
  0x000000001aecb000 JavaThread "Cancel handler" [_thread_blocked, id=2336, stack(0x000000001c940000,0x000000001ca40000)]
  0x000000001ae1e000 JavaThread "Handler for socket connection from /127.0.0.1:56197 to /127.0.0.1:56198" [_thread_in_native, id=5852, stack(0x000000001c640000,0x000000001c740000)]
  0x000000001ae1b800 JavaThread "Daemon" [_thread_blocked, id=8768, stack(0x000000001c540000,0x000000001c640000)]
  0x0000000019557800 JavaThread "Daemon periodic checks" [_thread_blocked, id=9740, stack(0x000000001c440000,0x000000001c540000)]
  0x0000000019555000 JavaThread "Incoming local TCP Connector on port 56197" [_thread_in_native, id=3592, stack(0x000000001c200000,0x000000001c300000)]
  0x0000000018f4d800 JavaThread "Daemon health stats" [_thread_blocked, id=6600, stack(0x000000001bbc0000,0x000000001bcc0000)]
  0x000000001751e800 JavaThread "Service Thread" daemon [_thread_blocked, id=1140, stack(0x0000000019220000,0x0000000019320000)]
  0x00000000174e0000 JavaThread "C1 CompilerThread2" daemon [_thread_blocked, id=13712, stack(0x0000000018d20000,0x0000000018e20000)]
=>0x00000000174cb800 JavaThread "C2 CompilerThread1" daemon [_thread_in_native, id=15812, stack(0x0000000018c20000,0x0000000018d20000)]
  0x00000000174c5000 JavaThread "C2 CompilerThread0" daemon [_thread_in_native, id=15724, stack(0x0000000018b20000,0x0000000018c20000)]
  0x00000000174c3000 JavaThread "Attach Listener" daemon [_thread_blocked, id=5440, stack(0x0000000018a20000,0x0000000018b20000)]
  0x00000000174c0800 JavaThread "Signal Dispatcher" daemon [_thread_blocked, id=4712, stack(0x0000000018920000,0x0000000018a20000)]
  0x0000000002899800 JavaThread "Finalizer" daemon [_thread_blocked, id=8356, stack(0x0000000018720000,0x0000000018820000)]
  0x0000000002891000 JavaThread "Reference Handler" daemon [_thread_blocked, id=11080, stack(0x0000000018620000,0x0000000018720000)]
  0x00000000027a2800 JavaThread "main" [_thread_blocked, id=3020, stack(0x00000000025e0000,0x00000000026e0000)]

Other Threads:
  0x0000000017486800 VMThread [stack: 0x0000000018520000,0x0000000018620000] [id=7372]
  0x0000000018e50800 WatcherThread [stack: 0x0000000019320000,0x0000000019420000] [id=10524]

VM state:not at safepoint (normal execution)

VM Mutex/Monitor currently owned by a thread: None

heap address: 0x0000000080000000, size: 2048 MB, Compressed Oops mode: 32-bit
Narrow klass base: 0x0000000000000000, Narrow klass shift: 3
Compressed class space size: 1073741824 Address: 0x0000000100000000

Heap:
 PSYoungGen      total 191488K, used 125686K [0x00000000d5580000, 0x00000000e4800000, 0x0000000100000000)
  eden space 172032K, 64% used [0x00000000d5580000,0x00000000dc1bd308,0x00000000dfd80000)
  from space 19456K, 76% used [0x00000000dfd80000,0x00000000e0c00640,0x00000000e1080000)
  to   space 20480K, 0% used [0x00000000e3400000,0x00000000e3400000,0x00000000e4800000)
 ParOldGen       total 131584K, used 29080K [0x0000000080000000, 0x0000000088080000, 0x00000000d5580000)
  object space 131584K, 22% used [0x0000000080000000,0x0000000081c66218,0x0000000088080000)
 Metaspace       used 64608K, capacity 67354K, committed 67496K, reserved 1107968K
  class space    used 8766K, capacity 9348K, committed 9384K, reserved 1048576K

Card table byte_map: [0x0000000011c60000,0x0000000012070000] byte_map_base: 0x0000000011860000

Marking Bits: (ParMarkBitMap*) 0x000000006151f030
 Begin Bits: [0x0000000012720000, 0x0000000014720000)
 End Bits:   [0x0000000014720000, 0x0000000016720000)

Polling page: 0x00000000005f0000

CodeCache: size=245760Kb used=25257Kb max_used=25257Kb free=220502Kb
 bounds [0x00000000028a0000, 0x0000000004170000, 0x00000000118a0000]
 total_blobs=8612 nmethods=7764 adapters=761
 compilation: enabled

Compilation events (10 events):
Event: 30.371 Thread 0x00000000174e0000 8860       2       sun.misc.URLClassPath$JarLoader::getJarFile (81 bytes)
Event: 30.371 Thread 0x00000000174e0000 nmethod 8860 0x000000000415b510 code [0x000000000415b740, 0x000000000415bd38]
Event: 30.415 Thread 0x00000000174e0000 8861   !   2       sun.misc.URLClassPath$JarLoader::getResource (85 bytes)
Event: 30.416 Thread 0x00000000174e0000 nmethod 8861 0x000000000415c190 code [0x000000000415c360, 0x000000000415c818]
Event: 30.491 Thread 0x00000000174e0000 8862       2       java.util.logging.Logger::isLoggable (25 bytes)
Event: 30.491 Thread 0x00000000174e0000 nmethod 8862 0x0000000004161090 code [0x00000000041611e0, 0x0000000004161370]
Event: 30.506 Thread 0x00000000174e0000 8863       2       java.util.Locale::equals (75 bytes)
Event: 30.506 Thread 0x00000000174e0000 nmethod 8863 0x0000000004161410 code [0x00000000041615a0, 0x00000000041618d8]
Event: 30.510 Thread 0x00000000174e0000 8864       2       java.util.regex.Matcher::end (22 bytes)
Event: 30.511 Thread 0x00000000174e0000 nmethod 8864 0x0000000004161c90 code [0x0000000004161e00, 0x0000000004162008]

GC Heap History (10 events):
Event: 11.669 GC heap before
{Heap before GC invocations=12 (full 2):
 PSYoungGen      total 117760K, used 105984K [0x00000000d5580000, 0x00000000dfe00000, 0x0000000100000000)
  eden space 105984K, 100% used [0x00000000d5580000,0x00000000dbd00000,0x00000000dbd00000)
  from space 11776K, 0% used [0x00000000dbd00000,0x00000000dbd00000,0x00000000dc880000)
  to   space 12288K, 0% used [0x00000000df200000,0x00000000df200000,0x00000000dfe00000)
 ParOldGen       total 88576K, used 15498K [0x0000000080000000, 0x0000000085680000, 0x00000000d5580000)
  object space 88576K, 17% used [0x0000000080000000,0x0000000080f228e8,0x0000000085680000)
 Metaspace       used 44076K, capacity 45414K, committed 45480K, reserved 1089536K
  class space    used 5954K, capacity 6289K, committed 6312K, reserved 1048576K
Event: 11.694 GC heap after
Heap after GC invocations=12 (full 2):
 PSYoungGen      total 147968K, used 12262K [0x00000000d5580000, 0x00000000dfe00000, 0x0000000100000000)
  eden space 135680K, 0% used [0x00000000d5580000,0x00000000d5580000,0x00000000dda00000)
  from space 12288K, 99% used [0x00000000df200000,0x00000000dfdf9aa0,0x00000000dfe00000)
  to   space 14336K, 0% used [0x00000000de200000,0x00000000de200000,0x00000000df000000)
 ParOldGen       total 88576K, used 18067K [0x0000000080000000, 0x0000000085680000, 0x00000000d5580000)
  object space 88576K, 20% used [0x0000000080000000,0x00000000811a4f70,0x0000000085680000)
 Metaspace       used 44076K, capacity 45414K, committed 45480K, reserved 1089536K
  class space    used 5954K, capacity 6289K, committed 6312K, reserved 1048576K
}
Event: 14.997 GC heap before
{Heap before GC invocations=13 (full 2):
 PSYoungGen      total 147968K, used 147942K [0x00000000d5580000, 0x00000000dfe00000, 0x0000000100000000)
  eden space 135680K, 100% used [0x00000000d5580000,0x00000000dda00000,0x00000000dda00000)
  from space 12288K, 99% used [0x00000000df200000,0x00000000dfdf9aa0,0x00000000dfe00000)
  to   space 14336K, 0% used [0x00000000de200000,0x00000000de200000,0x00000000df000000)
 ParOldGen       total 88576K, used 18067K [0x0000000080000000, 0x0000000085680000, 0x00000000d5580000)
  object space 88576K, 20% used [0x0000000080000000,0x00000000811a4f70,0x0000000085680000)
 Metaspace       used 55495K, capacity 57362K, committed 57512K, reserved 1099776K
  class space    used 7579K, capacity 7996K, committed 8104K, reserved 1048576K
Event: 15.037 GC heap after
Heap after GC invocations=13 (full 2):
 PSYoungGen      total 158208K, used 14333K [0x00000000d5580000, 0x00000000e2380000, 0x0000000100000000)
  eden space 143872K, 0% used [0x00000000d5580000,0x00000000d5580000,0x00000000de200000)
  from space 14336K, 99% used [0x00000000de200000,0x00000000defff4b8,0x00000000df000000)
  to   space 19456K, 0% used [0x00000000e1080000,0x00000000e1080000,0x00000000e2380000)
 ParOldGen       total 88576K, used 26398K [0x0000000080000000, 0x0000000085680000, 0x00000000d5580000)
  object space 88576K, 29% used [0x0000000080000000,0x00000000819c7858,0x0000000085680000)
 Metaspace       used 55495K, capacity 57362K, committed 57512K, reserved 1099776K
  class space    used 7579K, capacity 7996K, committed 8104K, reserved 1048576K
}
Event: 15.612 GC heap before
{Heap before GC invocations=14 (full 2):
 PSYoungGen      total 158208K, used 38548K [0x00000000d5580000, 0x00000000e2380000, 0x0000000100000000)
  eden space 143872K, 16% used [0x00000000d5580000,0x00000000d6d25d10,0x00000000de200000)
  from space 14336K, 99% used [0x00000000de200000,0x00000000defff4b8,0x00000000df000000)
  to   space 19456K, 0% used [0x00000000e1080000,0x00000000e1080000,0x00000000e2380000)
 ParOldGen       total 88576K, used 26398K [0x0000000080000000, 0x0000000085680000, 0x00000000d5580000)
  object space 88576K, 29% used [0x0000000080000000,0x00000000819c7858,0x0000000085680000)
 Metaspace       used 57117K, capacity 59036K, committed 59160K, reserved 1099776K
  class space    used 7829K, capacity 8283K, committed 8360K, reserved 1048576K
Event: 15.634 GC heap after
Heap after GC invocations=14 (full 2):
 PSYoungGen      total 191488K, used 2496K [0x00000000d5580000, 0x00000000e3380000, 0x0000000100000000)
  eden space 172032K, 0% used [0x00000000d5580000,0x00000000d5580000,0x00000000dfd80000)
  from space 19456K, 12% used [0x00000000e1080000,0x00000000e12f02b8,0x00000000e2380000)
  to   space 19456K, 0% used [0x00000000dfd80000,0x00000000dfd80000,0x00000000e1080000)
 ParOldGen       total 88576K, used 33947K [0x0000000080000000, 0x0000000085680000, 0x00000000d5580000)
  object space 88576K, 38% used [0x0000000080000000,0x0000000082126f78,0x0000000085680000)
 Metaspace       used 57117K, capacity 59036K, committed 59160K, reserved 1099776K
  class space    used 7829K, capacity 8283K, committed 8360K, reserved 1048576K
}
Event: 15.634 GC heap before
{Heap before GC invocations=15 (full 3):
 PSYoungGen      total 191488K, used 2496K [0x00000000d5580000, 0x00000000e3380000, 0x0000000100000000)
  eden space 172032K, 0% used [0x00000000d5580000,0x00000000d5580000,0x00000000dfd80000)
  from space 19456K, 12% used [0x00000000e1080000,0x00000000e12f02b8,0x00000000e2380000)
  to   space 19456K, 0% used [0x00000000dfd80000,0x00000000dfd80000,0x00000000e1080000)
 ParOldGen       total 88576K, used 33947K [0x0000000080000000, 0x0000000085680000, 0x00000000d5580000)
  object space 88576K, 38% used [0x0000000080000000,0x0000000082126f78,0x0000000085680000)
 Metaspace       used 57117K, capacity 59036K, committed 59160K, reserved 1099776K
  class space    used 7829K, capacity 8283K, committed 8360K, reserved 1048576K
Event: 16.034 GC heap after
Heap after GC invocations=15 (full 3):
 PSYoungGen      total 191488K, used 0K [0x00000000d5580000, 0x00000000e3380000, 0x0000000100000000)
  eden space 172032K, 0% used [0x00000000d5580000,0x00000000d5580000,0x00000000dfd80000)
  from space 19456K, 0% used [0x00000000e1080000,0x00000000e1080000,0x00000000e2380000)
  to   space 19456K, 0% used [0x00000000dfd80000,0x00000000dfd80000,0x00000000e1080000)
 ParOldGen       total 131584K, used 29072K [0x0000000080000000, 0x0000000088080000, 0x00000000d5580000)
  object space 131584K, 22% used [0x0000000080000000,0x0000000081c64218,0x0000000088080000)
 Metaspace       used 57110K, capacity 59012K, committed 59160K, reserved 1099776K
  class space    used 7827K, capacity 8279K, committed 8360K, reserved 1048576K
}
Event: 24.501 GC heap before
{Heap before GC invocations=16 (full 3):
 PSYoungGen      total 191488K, used 172032K [0x00000000d5580000, 0x00000000e3380000, 0x0000000100000000)
  eden space 172032K, 100% used [0x00000000d5580000,0x00000000dfd80000,0x00000000dfd80000)
  from space 19456K, 0% used [0x00000000e1080000,0x00000000e1080000,0x00000000e2380000)
  to   space 19456K, 0% used [0x00000000dfd80000,0x00000000dfd80000,0x00000000e1080000)
 ParOldGen       total 131584K, used 29072K [0x0000000080000000, 0x0000000088080000, 0x00000000d5580000)
  object space 131584K, 22% used [0x0000000080000000,0x0000000081c64218,0x0000000088080000)
 Metaspace       used 61413K, capacity 64074K, committed 64424K, reserved 1103872K
  class space    used 8437K, capacity 9004K, committed 9128K, reserved 1048576K
Event: 24.524 GC heap after
Heap after GC invocations=16 (full 3):
 PSYoungGen      total 191488K, used 14849K [0x00000000d5580000, 0x00000000e4800000, 0x0000000100000000)
  eden space 172032K, 0% used [0x00000000d5580000,0x00000000d5580000,0x00000000dfd80000)
  from space 19456K, 76% used [0x00000000dfd80000,0x00000000e0c00640,0x00000000e1080000)
  to   space 20480K, 0% used [0x00000000e3400000,0x00000000e3400000,0x00000000e4800000)
 ParOldGen       total 131584K, used 29080K [0x0000000080000000, 0x0000000088080000, 0x00000000d5580000)
  object space 131584K, 22% used [0x0000000080000000,0x0000000081c66218,0x0000000088080000)
 Metaspace       used 61413K, capacity 64074K, committed 64424K, reserved 1103872K
  class space    used 8437K, capacity 9004K, committed 9128K, reserved 1048576K
}

Deoptimization events (10 events):
Event: 29.940 Thread 0x000000001aecd800 Uncommon trap: reason=bimorphic action=maybe_recompile pc=0x0000000003eed2c0 method=com.sun.org.apache.xerces.internal.dom.CoreDocumentImpl.isKidOK(Lorg/w3c/dom/Node;Lorg/w3c/dom/Node;)Z @ 39
Event: 29.941 Thread 0x000000001aecd800 Uncommon trap: reason=bimorphic action=maybe_recompile pc=0x0000000003eed2c0 method=com.sun.org.apache.xerces.internal.dom.CoreDocumentImpl.isKidOK(Lorg/w3c/dom/Node;Lorg/w3c/dom/Node;)Z @ 39
Event: 29.941 Thread 0x000000001aecd800 Uncommon trap: reason=bimorphic action=maybe_recompile pc=0x0000000003ec5234 method=com.sun.org.apache.xerces.internal.dom.ParentNode.checkNormalizationAfterInsert(Lcom/sun/org/apache/xerces/internal/dom/ChildNode;)V @ 23
Event: 29.941 Thread 0x000000001aecd800 Uncommon trap: reason=bimorphic action=maybe_recompile pc=0x0000000003eddb78 method=com.sun.org.apache.xerces.internal.dom.CoreDocumentImpl.isKidOK(Lorg/w3c/dom/Node;Lorg/w3c/dom/Node;)Z @ 39
Event: 29.941 Thread 0x000000001aecd800 Uncommon trap: reason=bimorphic action=maybe_recompile pc=0x0000000003ec5234 method=com.sun.org.apache.xerces.internal.dom.ParentNode.checkNormalizationAfterInsert(Lcom/sun/org/apache/xerces/internal/dom/ChildNode;)V @ 23
Event: 29.941 Thread 0x000000001aecd800 Uncommon trap: reason=bimorphic action=maybe_recompile pc=0x0000000003ec5234 method=com.sun.org.apache.xerces.internal.dom.ParentNode.checkNormalizationAfterInsert(Lcom/sun/org/apache/xerces/internal/dom/ChildNode;)V @ 23
Event: 29.941 Thread 0x000000001aecd800 Uncommon trap: reason=bimorphic action=maybe_recompile pc=0x0000000003ec5234 method=com.sun.org.apache.xerces.internal.dom.ParentNode.checkNormalizationAfterInsert(Lcom/sun/org/apache/xerces/internal/dom/ChildNode;)V @ 23
Event: 30.055 Thread 0x000000001aecd800 Uncommon trap: reason=unstable_if action=reinterpret pc=0x0000000003f90e9c method=com.sun.org.apache.xerces.internal.dom.CoreDocumentImpl.setUserData(Lorg/w3c/dom/Node;Ljava/lang/String;Ljava/lang/Object;Lorg/w3c/dom/UserDataHandler;)Ljava/lang/Object; @ 
Event: 30.343 Thread 0x0000000020140000 Uncommon trap: reason=unstable_if action=reinterpret pc=0x0000000003015528 method=sun.misc.MetaIndex.mayContain(Ljava/lang/String;)Z @ 38
Event: 30.507 Thread 0x0000000020140000 Uncommon trap: reason=unstable_if action=reinterpret pc=0x00000000034ec754 method=java.io.WinNTFileSystem.prefixLength(Ljava/lang/String;)I @ 42

Classes redefined (0 events):
No events

Internal exceptions (10 events):
Event: 29.736 Thread 0x000000001aecd800 Exception <a 'java/lang/NoSuchMethodError': <clinit>> (0x00000000db021138) thrown at [C:\src\AOSP-openjdk-git\hotspot\src\share\vm\prims\jni.cpp, line 1615]
Event: 29.739 Thread 0x000000001aecd800 Exception <a 'java/lang/NoSuchMethodError': <clinit>> (0x00000000db0549a0) thrown at [C:\src\AOSP-openjdk-git\hotspot\src\share\vm\prims\jni.cpp, line 1615]
Event: 29.739 Thread 0x000000001aecd800 Exception <a 'java/lang/NoSuchMethodError': <clinit>> (0x00000000db059d58) thrown at [C:\src\AOSP-openjdk-git\hotspot\src\share\vm\prims\jni.cpp, line 1615]
Event: 29.739 Thread 0x000000001aecd800 Exception <a 'java/lang/NoSuchMethodError': <clinit>> (0x00000000db05d990) thrown at [C:\src\AOSP-openjdk-git\hotspot\src\share\vm\prims\jni.cpp, line 1615]
Event: 29.741 Thread 0x000000001aecd800 Exception <a 'java/lang/NoSuchMethodError': <clinit>> (0x00000000db079e88) thrown at [C:\src\AOSP-openjdk-git\hotspot\src\share\vm\prims\jni.cpp, line 1615]
Event: 29.742 Thread 0x000000001aecd800 Exception <a 'java/lang/NoSuchMethodError': <clinit>> (0x00000000db0948a8) thrown at [C:\src\AOSP-openjdk-git\hotspot\src\share\vm\prims\jni.cpp, line 1615]
Event: 29.745 Thread 0x000000001aecd800 Exception <a 'java/lang/NoSuchMethodError': <clinit>> (0x00000000db0b9550) thrown at [C:\src\AOSP-openjdk-git\hotspot\src\share\vm\prims\jni.cpp, line 1615]
Event: 29.748 Thread 0x000000001aecd800 Exception <a 'java/lang/NoSuchMethodError': <clinit>> (0x00000000db0d00f8) thrown at [C:\src\AOSP-openjdk-git\hotspot\src\share\vm\prims\jni.cpp, line 1615]
Event: 30.280 Thread 0x0000000020140000 Exception <a 'java/io/FileNotFoundException'> (0x00000000db9dcc78) thrown at [C:\src\AOSP-openjdk-git\hotspot\src\share\vm\prims\jni.cpp, line 710]
Event: 30.507 Thread 0x0000000020140000 Exception <a 'java/io/FileNotFoundException'> (0x00000000dc189498) thrown at [C:\src\AOSP-openjdk-git\hotspot\src\share\vm\prims\jni.cpp, line 710]

Events (10 events):
Event: 30.505 loading class sun/java2d/SurfaceManagerFactory
Event: 30.505 loading class sun/java2d/SurfaceManagerFactory done
Event: 30.505 loading class sun/java2d/WindowsSurfaceManagerFactory done
Event: 30.505 loading class sun/awt/SunDisplayChanger
Event: 30.506 loading class sun/awt/SunDisplayChanger done
Event: 30.507 loading class sun/java2d/SunGraphicsEnvironment$1
Event: 30.507 loading class sun/java2d/SunGraphicsEnvironment$1 done
Event: 30.507 Thread 0x0000000020140000 Uncommon trap: trap_request=0xffffff65 fr.pc=0x00000000034ec754
Event: 30.507 Thread 0x0000000020140000 DEOPT PACKING pc=0x00000000034ec754 sp=0x000000002588c800
Event: 30.507 Thread 0x0000000020140000 DEOPT UNPACKING pc=0x00000000028e557b sp=0x000000002588c728 mode 2


Dynamic libraries:
0x00007ff7e9220000 - 0x00007ff7e9251000 	D:\Software\jre\bin\java.exe
0x00007ffceaba0000 - 0x00007ffcead90000 	C:\WINDOWS\SYSTEM32\ntdll.dll
0x00007ffce98a0000 - 0x00007ffce9952000 	C:\WINDOWS\System32\KERNEL32.DLL
0x00007ffce7b70000 - 0x00007ffce7e14000 	C:\WINDOWS\System32\KERNELBASE.dll
0x00007ffcea8d0000 - 0x00007ffcea973000 	C:\WINDOWS\System32\ADVAPI32.dll
0x00007ffce8c50000 - 0x00007ffce8cee000 	C:\WINDOWS\System32\msvcrt.dll
0x00007ffce9210000 - 0x00007ffce92a7000 	C:\WINDOWS\System32\sechost.dll
0x00007ffce9330000 - 0x00007ffce9450000 	C:\WINDOWS\System32\RPCRT4.dll
0x00007ffce8d70000 - 0x00007ffce8f04000 	C:\WINDOWS\System32\USER32.dll
0x00007ffce7b20000 - 0x00007ffce7b41000 	C:\WINDOWS\System32\win32u.dll
0x00007ffcea8a0000 - 0x00007ffcea8c6000 	C:\WINDOWS\System32\GDI32.dll
0x00007ffce8ab0000 - 0x00007ffce8c46000 	C:\WINDOWS\System32\gdi32full.dll
0x00007ffce86c0000 - 0x00007ffce875e000 	C:\WINDOWS\System32\msvcp_win.dll
0x00007ffce87e0000 - 0x00007ffce88da000 	C:\WINDOWS\System32\ucrtbase.dll
0x00007ffcd2f80000 - 0x00007ffcd3204000 	C:\WINDOWS\WinSxS\amd64_microsoft.windows.common-controls_6595b64144ccf1df_6.0.18362.959_none_e6c7bbbf130c62bb\COMCTL32.dll
0x00007ffce94f0000 - 0x00007ffce9825000 	C:\WINDOWS\System32\combase.dll
0x00007ffce88e0000 - 0x00007ffce8960000 	C:\WINDOWS\System32\bcryptPrimitives.dll
0x00007ffce94c0000 - 0x00007ffce94ee000 	C:\WINDOWS\System32\IMM32.DLL
0x00000000616c0000 - 0x0000000061792000 	D:\Software\jre\jre\bin\msvcr100.dll
0x0000000060d50000 - 0x000000006159b000 	D:\Software\jre\jre\bin\server\jvm.dll
0x00007ffce94b0000 - 0x00007ffce94b8000 	C:\WINDOWS\System32\PSAPI.DLL
0x00007ffce3e40000 - 0x00007ffce3e64000 	C:\WINDOWS\SYSTEM32\WINMM.dll
0x00007ffcdad10000 - 0x00007ffcdad1a000 	C:\WINDOWS\SYSTEM32\VERSION.dll
0x00007ffce3dd0000 - 0x00007ffce3dd9000 	C:\WINDOWS\SYSTEM32\WSOCK32.dll
0x00007ffce9830000 - 0x00007ffce989f000 	C:\WINDOWS\System32\WS2_32.dll
0x00007ffce3e10000 - 0x00007ffce3e3d000 	C:\WINDOWS\SYSTEM32\WINMMBASE.dll
0x00007ffce8790000 - 0x00007ffce87da000 	C:\WINDOWS\System32\cfgmgr32.dll
0x00007ffce3910000 - 0x00007ffce391f000 	D:\Software\jre\jre\bin\verify.dll
0x00007ffcd9a20000 - 0x00007ffcd9a49000 	D:\Software\jre\jre\bin\java.dll
0x00007ffce1f50000 - 0x00007ffce1f66000 	D:\Software\jre\jre\bin\zip.dll
0x00007ffce9bd0000 - 0x00007ffcea2b6000 	C:\WINDOWS\System32\SHELL32.dll
0x00007ffcea980000 - 0x00007ffceaa29000 	C:\WINDOWS\System32\shcore.dll
0x00007ffce7ed0000 - 0x00007ffce8652000 	C:\WINDOWS\System32\windows.storage.dll
0x00007ffce7af0000 - 0x00007ffce7b13000 	C:\WINDOWS\System32\profapi.dll
0x00007ffce7aa0000 - 0x00007ffce7aea000 	C:\WINDOWS\System32\powrprof.dll
0x00007ffce7a50000 - 0x00007ffce7a60000 	C:\WINDOWS\System32\UMPDC.dll
0x00007ffce9450000 - 0x00007ffce94a2000 	C:\WINDOWS\System32\shlwapi.dll
0x00007ffce7a60000 - 0x00007ffce7a71000 	C:\WINDOWS\System32\kernel.appcore.dll
0x00007ffce7b50000 - 0x00007ffce7b67000 	C:\WINDOWS\System32\cryptsp.dll
0x00007ffce19a0000 - 0x00007ffce19ba000 	D:\Software\jre\jre\bin\net.dll
0x00007ffce7270000 - 0x00007ffce72d7000 	C:\WINDOWS\system32\mswsock.dll
0x00007ffcda000000 - 0x00007ffcda013000 	D:\Software\jre\jre\bin\nio.dll
0x00007ffcd9c30000 - 0x00007ffcd9c56000 	C:\native\31\windows-amd64\native-platform.dll
0x00007ffce3900000 - 0x00007ffce390d000 	D:\Software\jre\jre\bin\management.dll
0x00007ffce6df0000 - 0x00007ffce6e23000 	C:\WINDOWS\system32\rsaenh.dll
0x00007ffce8760000 - 0x00007ffce8786000 	C:\WINDOWS\System32\bcrypt.dll
0x00007ffce7970000 - 0x00007ffce7995000 	C:\WINDOWS\SYSTEM32\USERENV.dll
0x00007ffce73f0000 - 0x00007ffce73fc000 	C:\WINDOWS\SYSTEM32\CRYPTBASE.dll
0x00007ffce6f90000 - 0x00007ffce6fca000 	C:\WINDOWS\SYSTEM32\IPHLPAPI.DLL
0x00007ffcea730000 - 0x00007ffcea738000 	C:\WINDOWS\System32\NSI.dll
0x00007ffcdb3f0000 - 0x00007ffcdb406000 	C:\WINDOWS\SYSTEM32\dhcpcsvc6.DLL
0x00007ffcdb3d0000 - 0x00007ffcdb3ec000 	C:\WINDOWS\SYSTEM32\dhcpcsvc.DLL
0x00007ffce6fd0000 - 0x00007ffce709b000 	C:\WINDOWS\SYSTEM32\DNSAPI.dll
0x00007ffcbd710000 - 0x00007ffcbd8ac000 	D:\Software\jre\jre\bin\awt.dll
0x00007ffce9b00000 - 0x00007ffce9bc5000 	C:\WINDOWS\System32\OLEAUT32.dll
0x00007ffce5e20000 - 0x00007ffce5e4d000 	C:\WINDOWS\SYSTEM32\dwmapi.dll
0x00007ffce4220000 - 0x00007ffce47e0000 	C:\WINDOWS\SYSTEM32\d2d1.dll
0x00007ffce5750000 - 0x00007ffce57df000 	C:\WINDOWS\SYSTEM32\apphelp.dll
0x00007ffce59f0000 - 0x00007ffce5a89000 	C:\WINDOWS\system32\uxtheme.dll

VM Arguments:
jvm_args: -Xmx2048m -Dfile.encoding=windows-1252 -Duser.country=US -Duser.language=en -Duser.variant 
java_command: org.gradle.launcher.daemon.bootstrap.GradleDaemon 6.1.1
java_class_path (initial): C:\wrapper\dists\gradle-6.1.1-all\cfmwm155h49vnt3hynmlrsdst\gradle-6.1.1\lib\gradle-launcher-6.1.1.jar
Launcher Type: SUN_STANDARD

Environment Variables:
PATH=C:\oraclexe\app\oracle\product\11.2.0\server\bin;;C:\oraclexe\app\oracle\product\11.2.0\server\bin;C:\WINDOWS\system32;C:\WINDOWS;C:\WINDOWS\System32\Wbem;C:\WINDOWS\System32\WindowsPowerShell\v1.0\;C:\WINDOWS\System32\OpenSSH\;C:\Program Files\Microsoft SQL Server\130\Tools\Binn\;C:\Users\User\AppData\Local\Microsoft\WindowsApps;;C:\Users\User\AppData\Local\Programs\Microsoft VS Code\bin
USERNAME=User
OS=Windows_NT
PROCESSOR_IDENTIFIER=Intel64 Family 6 Model 142 Stepping 9, GenuineIntel



---------------  S Y S T E M  ---------------

OS: Windows 10.0 , 64 bit Build 18362 (10.0.18362.959)

CPU:total 4 (initial active 4) (2 cores per cpu, 2 threads per core) family 6 model 142 stepping 9, cmov, cx8, fxsr, mmx, sse, sse2, sse3, ssse3, sse4.1, sse4.2, popcnt, avx, avx2, aes, clmul, erms, 3dnowpref, lzcnt, ht, tsc, tscinvbit, bmi1, bmi2, adx

Memory: 4k page, physical 8303524k(1653244k free), swap 9839524k(6064k free)

vm_info: OpenJDK 64-Bit Server VM (25.242-b01) for windows-amd64 JRE (1.8.0_242-release-1644-b01), built by "builder" with MS VC++ 10.0 (VS2010)

time: Sun Aug 09 00:23:20 2020
timezone: Malay Peninsula Standard Time
elapsed time: 30 seconds (0d 0h 0m 30s)

