#
# There is insufficient memory for the Java Runtime Environment to continue.
# Native memory allocation (malloc) failed to allocate 32744 bytes for ChunkPool::allocate
# Possible reasons:
#   The system is out of physical RAM or swap space
#   The process is running with CompressedOops enabled, and the Java Heap may be blocking the growth of the native heap
# Possible solutions:
#   Reduce memory load on the system
#   Increase physical memory or swap space
#   Check if swap backing store is full
#   Decrease Java heap size (-Xmx/-Xms)
#   Decrease number of Java threads
#   Decrease Java thread stack sizes (-Xss)
#   Set larger code cache with -XX:ReservedCodeCacheSize=
#   JVM is running with Unscaled Compressed Oops mode in which the Java heap is
#     placed in the first 4GB address space. The Java Heap base address is the
#     maximum limit for the native heap growth. Please use -XX:HeapBaseMinAddress
#     to set the Java Heap base and to place the Java Heap above 4GB virtual address.
# This output file may be truncated or incomplete.
#
#  Out of Memory Error (allocation.cpp:272), pid=12236, tid=0x0000000000002674
#
# JRE version: OpenJDK Runtime Environment (8.0_242-b01) (build 1.8.0_242-release-1644-b01)
# Java VM: OpenJDK 64-Bit Server VM (25.242-b01 mixed mode windows-amd64 compressed oops)
# Failed to write core dump. Minidumps are not enabled by default on client versions of Windows
#

---------------  T H R E A D  ---------------

Current thread (0x000000001802b800):  JavaThread "C2 CompilerThread1" daemon [_thread_in_native, id=9844, stack(0x0000000019770000,0x0000000019870000)]

Stack: [0x0000000019770000,0x0000000019870000]
[error occurred during error reporting (printing stack bounds), id 0xc0000005]

Native frames: (J=compiled Java code, j=interpreted, Vv=VM code, C=native code)


Current CompileTask:
C2:   3048 1503       4       java.net.URLClassLoader$1::run (5 bytes)


---------------  P R O C E S S  ---------------

Java Threads: ( => current thread )
  0x000000001b850800 JavaThread "Cache worker for file hash cache (C:\caches\6.1.1\fileHashes)" [_thread_blocked, id=11128, stack(0x000000001dd90000,0x000000001de90000)]
  0x000000001b852000 JavaThread "File lock request listener" [_thread_in_native, id=12736, stack(0x000000001dc90000,0x000000001dd90000)]
  0x000000001abe7000 JavaThread "Cache worker for journal cache (C:\caches\journal-1)" [_thread_blocked, id=2396, stack(0x000000001db90000,0x000000001dc90000)]
  0x000000001bc57000 JavaThread "Thread-9" [_thread_blocked, id=7220, stack(0x000000001d890000,0x000000001d990000)]
  0x000000001bbd4000 JavaThread "Stdin handler" [_thread_blocked, id=9516, stack(0x000000001d790000,0x000000001d890000)]
  0x000000001bbd3000 JavaThread "Asynchronous log dispatcher for DefaultDaemonConnection: socket connection from /127.0.0.1:51871 to /127.0.0.1:51872" [_thread_blocked, id=124, stack(0x000000001d690000,0x000000001d790000)]
  0x000000001bbd1800 JavaThread "Daemon worker" [_thread_in_Java, id=16236, stack(0x000000001d590000,0x000000001d690000)]
  0x000000001bbcf000 JavaThread "Cancel handler" [_thread_blocked, id=5012, stack(0x000000001d490000,0x000000001d590000)]
  0x000000001a02a000 JavaThread "Handler for socket connection from /127.0.0.1:51871 to /127.0.0.1:51872" [_thread_in_native, id=16296, stack(0x000000001d190000,0x000000001d290000)]
  0x000000001a02c800 JavaThread "Daemon" [_thread_blocked, id=17116, stack(0x000000001d090000,0x000000001d190000)]
  0x0000000019fef000 JavaThread "Daemon periodic checks" [_thread_blocked, id=5560, stack(0x000000001cf90000,0x000000001d090000)]
  0x000000001a32e000 JavaThread "Incoming local TCP Connector on port 51871" [_thread_in_native, id=6640, stack(0x000000001cd50000,0x000000001ce50000)]
  0x000000001b9dd800 JavaThread "Daemon health stats" [_thread_blocked, id=9036, stack(0x000000001c710000,0x000000001c810000)]
  0x0000000019994000 JavaThread "Service Thread" daemon [_thread_blocked, id=5160, stack(0x0000000019d70000,0x0000000019e70000)]
  0x0000000018037000 JavaThread "C1 CompilerThread2" daemon [_thread_blocked, id=12024, stack(0x0000000019870000,0x0000000019970000)]
=>0x000000001802b800 JavaThread "C2 CompilerThread1" daemon [_thread_in_native, id=9844, stack(0x0000000019770000,0x0000000019870000)]
  0x0000000018026800 JavaThread "C2 CompilerThread0" daemon [_thread_in_native, id=7664, stack(0x0000000019670000,0x0000000019770000)]
  0x0000000018024800 JavaThread "Attach Listener" daemon [_thread_blocked, id=13192, stack(0x0000000019570000,0x0000000019670000)]
  0x0000000018022800 JavaThread "Signal Dispatcher" daemon [_thread_blocked, id=9764, stack(0x0000000019470000,0x0000000019570000)]
  0x00000000033fb000 JavaThread "Finalizer" daemon [_thread_blocked, id=5672, stack(0x0000000019270000,0x0000000019370000)]
  0x0000000018009000 JavaThread "Reference Handler" daemon [_thread_blocked, id=10156, stack(0x0000000019170000,0x0000000019270000)]
  0x0000000003300800 JavaThread "main" [_thread_blocked, id=15872, stack(0x0000000003180000,0x0000000003280000)]

Other Threads:
  0x0000000017fe6000 VMThread [stack: 0x0000000019070000,0x0000000019170000] [id=16040]
  0x0000000019998800 WatcherThread [stack: 0x0000000019e70000,0x0000000019f70000] [id=10880]

VM state:not at safepoint (normal execution)

VM Mutex/Monitor currently owned by a thread: None

heap address: 0x0000000080000000, size: 2048 MB, Compressed Oops mode: 32-bit
Narrow klass base: 0x0000000000000000, Narrow klass shift: 3
Compressed class space size: 1073741824 Address: 0x0000000100000000

Heap:
 PSYoungGen      total 71680K, used 25404K [0x00000000d5580000, 0x00000000da080000, 0x0000000100000000)
  eden space 66560K, 30% used [0x00000000d5580000,0x00000000d69573c0,0x00000000d9680000)
  from space 5120K, 99% used [0x00000000d9b80000,0x00000000da078020,0x00000000da080000)
  to   space 5120K, 0% used [0x00000000d9680000,0x00000000d9680000,0x00000000d9b80000)
 ParOldGen       total 87552K, used 3948K [0x0000000080000000, 0x0000000085580000, 0x00000000d5580000)
  object space 87552K, 4% used [0x0000000080000000,0x00000000803db030,0x0000000085580000)
 Metaspace       used 17187K, capacity 17680K, committed 17920K, reserved 1064960K
  class space    used 2349K, capacity 2526K, committed 2560K, reserved 1048576K

Card table byte_map: [0x00000000127c0000,0x0000000012bd0000] byte_map_base: 0x00000000123c0000

Marking Bits: (ParMarkBitMap*) 0x0000000077f7f030
 Begin Bits: [0x0000000013280000, 0x0000000015280000)
 End Bits:   [0x0000000015280000, 0x0000000017280000)

Polling page: 0x00000000018b0000

CodeCache: size=245760Kb used=5607Kb max_used=5607Kb free=240152Kb
 bounds [0x0000000003400000, 0x0000000003980000, 0x0000000012400000]
 total_blobs=2018 nmethods=1616 adapters=315
 compilation: enabled

Compilation events (10 events):
Event: 2.997 Thread 0x0000000018037000 nmethod 1593 0x0000000003967350 code [0x00000000039674a0, 0x0000000003967590]
Event: 2.998 Thread 0x0000000018037000 1595       3       com.google.common.base.AbstractIterator::tryToComputeNext (36 bytes)
Event: 2.998 Thread 0x0000000018037000 nmethod 1595 0x0000000003967610 code [0x0000000003967780, 0x0000000003967a68]
Event: 2.998 Thread 0x0000000018037000 1596       3       com.google.common.base.Splitter$SplittingIterator::computeNext (5 bytes)
Event: 2.998 Thread 0x0000000018037000 nmethod 1596 0x0000000003967b10 code [0x0000000003967c80, 0x0000000003967e88]
Event: 2.998 Thread 0x0000000018037000 1597       3       com.google.common.base.Splitter$1$1::separatorStart (16 bytes)
Event: 2.998 Thread 0x0000000018037000 nmethod 1597 0x0000000003967f10 code [0x0000000003968080, 0x00000000039682a8]
Event: 2.999 Thread 0x0000000018037000 1598       3       com.google.common.collect.ImmutableMap$Builder::put (53 bytes)
Event: 3.000 Thread 0x0000000018037000 nmethod 1598 0x0000000003968390 code [0x0000000003968520, 0x00000000039689b8]
Event: 3.000 Thread 0x0000000018037000 1601       3       com.google.common.base.Splitter$SplittingIterator::computeNext (279 bytes)

GC Heap History (8 events):
Event: 0.893 GC heap before
{Heap before GC invocations=1 (full 0):
 PSYoungGen      total 38400K, used 33280K [0x00000000d5580000, 0x00000000d8000000, 0x0000000100000000)
  eden space 33280K, 100% used [0x00000000d5580000,0x00000000d7600000,0x00000000d7600000)
  from space 5120K, 0% used [0x00000000d7b00000,0x00000000d7b00000,0x00000000d8000000)
  to   space 5120K, 0% used [0x00000000d7600000,0x00000000d7600000,0x00000000d7b00000)
 ParOldGen       total 87552K, used 0K [0x0000000080000000, 0x0000000085580000, 0x00000000d5580000)
  object space 87552K, 0% used [0x0000000080000000,0x0000000080000000,0x0000000085580000)
 Metaspace       used 7192K, capacity 7364K, committed 7424K, reserved 1056768K
  class space    used 882K, capacity 968K, committed 1024K, reserved 1048576K
Event: 0.900 GC heap after
Heap after GC invocations=1 (full 0):
 PSYoungGen      total 38400K, used 4319K [0x00000000d5580000, 0x00000000d8000000, 0x0000000100000000)
  eden space 33280K, 0% used [0x00000000d5580000,0x00000000d5580000,0x00000000d7600000)
  from space 5120K, 84% used [0x00000000d7600000,0x00000000d7a37ff8,0x00000000d7b00000)
  to   space 5120K, 0% used [0x00000000d7b00000,0x00000000d7b00000,0x00000000d8000000)
 ParOldGen       total 87552K, used 16K [0x0000000080000000, 0x0000000085580000, 0x00000000d5580000)
  object space 87552K, 0% used [0x0000000080000000,0x0000000080004000,0x0000000085580000)
 Metaspace       used 7192K, capacity 7364K, committed 7424K, reserved 1056768K
  class space    used 882K, capacity 968K, committed 1024K, reserved 1048576K
}
Event: 1.199 GC heap before
{Heap before GC invocations=2 (full 0):
 PSYoungGen      total 38400K, used 37599K [0x00000000d5580000, 0x00000000d8000000, 0x0000000100000000)
  eden space 33280K, 100% used [0x00000000d5580000,0x00000000d7600000,0x00000000d7600000)
  from space 5120K, 84% used [0x00000000d7600000,0x00000000d7a37ff8,0x00000000d7b00000)
  to   space 5120K, 0% used [0x00000000d7b00000,0x00000000d7b00000,0x00000000d8000000)
 ParOldGen       total 87552K, used 16K [0x0000000080000000, 0x0000000085580000, 0x00000000d5580000)
  object space 87552K, 0% used [0x0000000080000000,0x0000000080004000,0x0000000085580000)
 Metaspace       used 7541K, capacity 7772K, committed 8064K, reserved 1056768K
  class space    used 943K, capacity 1040K, committed 1152K, reserved 1048576K
Event: 1.205 GC heap after
Heap after GC invocations=2 (full 0):
 PSYoungGen      total 38400K, used 3505K [0x00000000d5580000, 0x00000000da080000, 0x0000000100000000)
  eden space 33280K, 0% used [0x00000000d5580000,0x00000000d5580000,0x00000000d7600000)
  from space 5120K, 68% used [0x00000000d7b00000,0x00000000d7e6c588,0x00000000d8000000)
  to   space 5120K, 0% used [0x00000000d7600000,0x00000000d7600000,0x00000000d7b00000)
 ParOldGen       total 87552K, used 24K [0x0000000080000000, 0x0000000085580000, 0x00000000d5580000)
  object space 87552K, 0% used [0x0000000080000000,0x0000000080006000,0x0000000085580000)
 Metaspace       used 7541K, capacity 7772K, committed 8064K, reserved 1056768K
  class space    used 943K, capacity 1040K, committed 1152K, reserved 1048576K
}
Event: 2.376 GC heap before
{Heap before GC invocations=3 (full 0):
 PSYoungGen      total 38400K, used 36785K [0x00000000d5580000, 0x00000000da080000, 0x0000000100000000)
  eden space 33280K, 100% used [0x00000000d5580000,0x00000000d7600000,0x00000000d7600000)
  from space 5120K, 68% used [0x00000000d7b00000,0x00000000d7e6c588,0x00000000d8000000)
  to   space 5120K, 0% used [0x00000000d7600000,0x00000000d7600000,0x00000000d7b00000)
 ParOldGen       total 87552K, used 24K [0x0000000080000000, 0x0000000085580000, 0x00000000d5580000)
  object space 87552K, 0% used [0x0000000080000000,0x0000000080006000,0x0000000085580000)
 Metaspace       used 12465K, capacity 12816K, committed 12928K, reserved 1060864K
  class space    used 1679K, capacity 1820K, committed 1920K, reserved 1048576K
Event: 2.382 GC heap after
Heap after GC invocations=3 (full 0):
 PSYoungGen      total 38400K, used 5120K [0x00000000d5580000, 0x00000000da080000, 0x0000000100000000)
  eden space 33280K, 0% used [0x00000000d5580000,0x00000000d5580000,0x00000000d7600000)
  from space 5120K, 100% used [0x00000000d7600000,0x00000000d7b00000,0x00000000d7b00000)
  to   space 5120K, 0% used [0x00000000d9b80000,0x00000000d9b80000,0x00000000da080000)
 ParOldGen       total 87552K, used 1396K [0x0000000080000000, 0x0000000085580000, 0x00000000d5580000)
  object space 87552K, 1% used [0x0000000080000000,0x000000008015d388,0x0000000085580000)
 Metaspace       used 12465K, capacity 12816K, committed 12928K, reserved 1060864K
  class space    used 1679K, capacity 1820K, committed 1920K, reserved 1048576K
}
Event: 2.724 GC heap before
{Heap before GC invocations=4 (full 0):
 PSYoungGen      total 38400K, used 38400K [0x00000000d5580000, 0x00000000da080000, 0x0000000100000000)
  eden space 33280K, 100% used [0x00000000d5580000,0x00000000d7600000,0x00000000d7600000)
  from space 5120K, 100% used [0x00000000d7600000,0x00000000d7b00000,0x00000000d7b00000)
  to   space 5120K, 0% used [0x00000000d9b80000,0x00000000d9b80000,0x00000000da080000)
 ParOldGen       total 87552K, used 1396K [0x0000000080000000, 0x0000000085580000, 0x00000000d5580000)
  object space 87552K, 1% used [0x0000000080000000,0x000000008015d388,0x0000000085580000)
 Metaspace       used 15539K, capacity 15906K, committed 16128K, reserved 1062912K
  class space    used 2090K, capacity 2251K, committed 2304K, reserved 1048576K
Event: 2.734 GC heap after
Heap after GC invocations=4 (full 0):
 PSYoungGen      total 71680K, used 5088K [0x00000000d5580000, 0x00000000da080000, 0x0000000100000000)
  eden space 66560K, 0% used [0x00000000d5580000,0x00000000d5580000,0x00000000d9680000)
  from space 5120K, 99% used [0x00000000d9b80000,0x00000000da078020,0x00000000da080000)
  to   space 5120K, 0% used [0x00000000d9680000,0x00000000d9680000,0x00000000d9b80000)
 ParOldGen       total 87552K, used 3948K [0x0000000080000000, 0x0000000085580000, 0x00000000d5580000)
  object space 87552K, 4% used [0x0000000080000000,0x00000000803db030,0x0000000085580000)
 Metaspace       used 15539K, capacity 15906K, committed 16128K, reserved 1062912K
  class space    used 2090K, capacity 2251K, committed 2304K, reserved 1048576K
}

Deoptimization events (10 events):
Event: 2.276 Thread 0x000000001a02a000 Uncommon trap: reason=unstable_if action=reinterpret pc=0x0000000003722114 method=java.lang.String.substring(I)Ljava/lang/String; @ 35
Event: 2.318 Thread 0x000000001bbd1800 Uncommon trap: reason=bimorphic action=maybe_recompile pc=0x00000000036d0680 method=java.util.HashMap.putVal(ILjava/lang/Object;Ljava/lang/Object;ZZ)Ljava/lang/Object; @ 253
Event: 2.319 Thread 0x000000001bbd1800 Uncommon trap: reason=bimorphic action=maybe_recompile pc=0x00000000036d0680 method=java.util.HashMap.putVal(ILjava/lang/Object;Ljava/lang/Object;ZZ)Ljava/lang/Object; @ 253
Event: 2.319 Thread 0x000000001bbd1800 Uncommon trap: reason=bimorphic action=maybe_recompile pc=0x00000000036d0680 method=java.util.HashMap.putVal(ILjava/lang/Object;Ljava/lang/Object;ZZ)Ljava/lang/Object; @ 253
Event: 2.319 Thread 0x000000001bbd1800 Uncommon trap: reason=bimorphic action=maybe_recompile pc=0x0000000003706dcc method=java.util.HashMap.putVal(ILjava/lang/Object;Ljava/lang/Object;ZZ)Ljava/lang/Object; @ 253
Event: 2.538 Thread 0x000000001bbd1800 Uncommon trap: reason=class_check action=maybe_recompile pc=0x0000000003728a58 method=java.util.regex.Matcher.match(II)Z @ 86
Event: 2.538 Thread 0x000000001bbd1800 Uncommon trap: reason=class_check action=maybe_recompile pc=0x0000000003728a58 method=java.util.regex.Matcher.match(II)Z @ 86
Event: 2.538 Thread 0x000000001bbd1800 Uncommon trap: reason=class_check action=maybe_recompile pc=0x0000000003728a58 method=java.util.regex.Matcher.match(II)Z @ 86
Event: 2.538 Thread 0x000000001bbd1800 Uncommon trap: reason=class_check action=maybe_recompile pc=0x00000000035b739c method=java.util.regex.Matcher.match(II)Z @ 86
Event: 2.844 Thread 0x000000001bbd1800 Uncommon trap: reason=unstable_if action=reinterpret pc=0x000000000372c6dc method=java.io.File.getName()Ljava/lang/String; @ 16

Classes redefined (0 events):
No events

Internal exceptions (10 events):
Event: 2.269 Thread 0x000000001a02a000 Exception <a 'java/lang/NoSuchMethodError': <clinit>> (0x00000000d6e5da28) thrown at [C:\src\AOSP-openjdk-git\hotspot\src\share\vm\prims\jni.cpp, line 1615]
Event: 2.271 Thread 0x000000001a02a000 Exception <a 'java/lang/NoSuchMethodError': <clinit>> (0x00000000d6e665c8) thrown at [C:\src\AOSP-openjdk-git\hotspot\src\share\vm\prims\jni.cpp, line 1615]
Event: 2.274 Thread 0x000000001a02a000 Exception <a 'java/lang/NoSuchMethodError': <clinit>> (0x00000000d6e7c7e0) thrown at [C:\src\AOSP-openjdk-git\hotspot\src\share\vm\prims\jni.cpp, line 1615]
Event: 2.284 Thread 0x000000001a02a000 Exception <a 'java/lang/NoSuchMethodError': <clinit>> (0x00000000d6ed63a0) thrown at [C:\src\AOSP-openjdk-git\hotspot\src\share\vm\prims\jni.cpp, line 1615]
Event: 2.287 Thread 0x000000001a02a000 Exception <a 'java/lang/NoSuchMethodError': <clinit>> (0x00000000d6f02c50) thrown at [C:\src\AOSP-openjdk-git\hotspot\src\share\vm\prims\jni.cpp, line 1615]
Event: 2.292 Thread 0x000000001a02a000 Exception <a 'java/lang/NoSuchMethodError': <clinit>> (0x00000000d6f2fa48) thrown at [C:\src\AOSP-openjdk-git\hotspot\src\share\vm\prims\jni.cpp, line 1615]
Event: 2.294 Thread 0x000000001a02a000 Exception <a 'java/lang/NoSuchMethodError': <clinit>> (0x00000000d6f3aad0) thrown at [C:\src\AOSP-openjdk-git\hotspot\src\share\vm\prims\jni.cpp, line 1615]
Event: 2.919 Thread 0x000000001bbd1800 Exception <a 'java/lang/NoSuchMethodError': java.lang.Object.lambda$and$0(Ljava/util/function/Predicate;Ljava/lang/Object;)Z> (0x00000000d6099000) thrown at [C:\src\AOSP-openjdk-git\hotspot\src\share\vm\interpreter\linkResolver.cpp, line 620]
Event: 2.926 Thread 0x000000001bbd1800 Exception <a 'java/lang/IncompatibleClassChangeError': Found class java.lang.Object, but interface was expected> (0x00000000d60a9858) thrown at [C:\src\AOSP-openjdk-git\hotspot\src\share\vm\interpreter\linkResolver.cpp, line 653]
Event: 2.928 Thread 0x000000001bbd1800 Exception <a 'java/lang/NoSuchMethodError': java.lang.Object.lambda$or$2(Ljava/util/function/Predicate;Ljava/lang/Object;)Z> (0x00000000d60ae778) thrown at [C:\src\AOSP-openjdk-git\hotspot\src\share\vm\interpreter\linkResolver.cpp, line 620]

Events (10 events):
Event: 2.987 loading class com/google/common/base/Splitter$SplittingIterator
Event: 2.987 loading class com/google/common/base/Splitter$SplittingIterator done
Event: 2.987 loading class com/google/common/base/AbstractIterator
Event: 2.987 loading class com/google/common/base/AbstractIterator done
Event: 2.988 loading class com/google/common/base/Splitter$1$1
Event: 2.988 loading class com/google/common/base/Splitter$1$1 done
Event: 2.988 loading class com/google/common/base/AbstractIterator$State
Event: 2.988 loading class com/google/common/base/AbstractIterator$State done
Event: 2.989 loading class com/google/common/base/AbstractIterator$1
Event: 2.989 loading class com/google/common/base/AbstractIterator$1 done


Dynamic libraries:
0x00007ff742cf0000 - 0x00007ff742d21000 	D:\Software\jre\bin\java.exe
0x00007fffc0ea0000 - 0x00007fffc1090000 	C:\WINDOWS\SYSTEM32\ntdll.dll
0x00007fffbf2a0000 - 0x00007fffbf352000 	C:\WINDOWS\System32\KERNEL32.DLL
0x00007fffbe050000 - 0x00007fffbe2f4000 	C:\WINDOWS\System32\KERNELBASE.dll
0x00007fffc06c0000 - 0x00007fffc0763000 	C:\WINDOWS\System32\ADVAPI32.dll
0x00007fffbfde0000 - 0x00007fffbfe7e000 	C:\WINDOWS\System32\msvcrt.dll
0x00007fffbfe80000 - 0x00007fffbff17000 	C:\WINDOWS\System32\sechost.dll
0x00007fffc00c0000 - 0x00007fffc01e0000 	C:\WINDOWS\System32\RPCRT4.dll
0x00007fffbf3e0000 - 0x00007fffbf574000 	C:\WINDOWS\System32\USER32.dll
0x00007fffbded0000 - 0x00007fffbdef1000 	C:\WINDOWS\System32\win32u.dll
0x00007fffbf580000 - 0x00007fffbf5a6000 	C:\WINDOWS\System32\GDI32.dll
0x00007fffbedb0000 - 0x00007fffbef46000 	C:\WINDOWS\System32\gdi32full.dll
0x00007fffbe520000 - 0x00007fffbe5be000 	C:\WINDOWS\System32\msvcp_win.dll
0x00007fffbdf00000 - 0x00007fffbdffa000 	C:\WINDOWS\System32\ucrtbase.dll
0x00007fffafbb0000 - 0x00007fffafe34000 	C:\WINDOWS\WinSxS\amd64_microsoft.windows.common-controls_6595b64144ccf1df_6.0.18362.959_none_e6c7bbbf130c62bb\COMCTL32.dll
0x00007fffbef60000 - 0x00007fffbf295000 	C:\WINDOWS\System32\combase.dll
0x00007fffbe300000 - 0x00007fffbe380000 	C:\WINDOWS\System32\bcryptPrimitives.dll
0x00007fffc0290000 - 0x00007fffc02be000 	C:\WINDOWS\System32\IMM32.DLL
0x0000000050290000 - 0x0000000050362000 	D:\Software\jre\jre\bin\msvcr100.dll
0x00000000777b0000 - 0x0000000077ffb000 	D:\Software\jre\jre\bin\server\jvm.dll
0x00007fffc06b0000 - 0x00007fffc06b8000 	C:\WINDOWS\System32\PSAPI.DLL
0x00007fffb4b20000 - 0x00007fffb4b44000 	C:\WINDOWS\SYSTEM32\WINMM.dll
0x00007fffb5e00000 - 0x00007fffb5e0a000 	C:\WINDOWS\SYSTEM32\VERSION.dll
0x00007fffb8f10000 - 0x00007fffb8f19000 	C:\WINDOWS\SYSTEM32\WSOCK32.dll
0x00007fffc02f0000 - 0x00007fffc035f000 	C:\WINDOWS\System32\WS2_32.dll
0x00007fffb48d0000 - 0x00007fffb48fd000 	C:\WINDOWS\SYSTEM32\WINMMBASE.dll
0x00007fffbe380000 - 0x00007fffbe3ca000 	C:\WINDOWS\System32\cfgmgr32.dll
0x00007fffb8f00000 - 0x00007fffb8f0f000 	D:\Software\jre\jre\bin\verify.dll
0x00007fffb8910000 - 0x00007fffb8939000 	D:\Software\jre\jre\bin\java.dll
0x00007fffb58b0000 - 0x00007fffb58c6000 	D:\Software\jre\jre\bin\zip.dll
0x00007fffbf5b0000 - 0x00007fffbfc96000 	C:\WINDOWS\System32\SHELL32.dll
0x00007fffc01e0000 - 0x00007fffc0289000 	C:\WINDOWS\System32\shcore.dll
0x00007fffbe620000 - 0x00007fffbeda2000 	C:\WINDOWS\System32\windows.storage.dll
0x00007fffbddf0000 - 0x00007fffbde13000 	C:\WINDOWS\System32\profapi.dll
0x00007fffbdda0000 - 0x00007fffbddea000 	C:\WINDOWS\System32\powrprof.dll
0x00007fffbdd50000 - 0x00007fffbdd60000 	C:\WINDOWS\System32\UMPDC.dll
0x00007fffc03e0000 - 0x00007fffc0432000 	C:\WINDOWS\System32\shlwapi.dll
0x00007fffbdd60000 - 0x00007fffbdd71000 	C:\WINDOWS\System32\kernel.appcore.dll
0x00007fffbe030000 - 0x00007fffbe047000 	C:\WINDOWS\System32\cryptsp.dll
0x00007fffb5750000 - 0x00007fffb576a000 	D:\Software\jre\jre\bin\net.dll
0x00007fffbd570000 - 0x00007fffbd5d7000 	C:\WINDOWS\system32\mswsock.dll
0x00007fffb5730000 - 0x00007fffb5743000 	D:\Software\jre\jre\bin\nio.dll
0x00007fffb8e20000 - 0x00007fffb8e46000 	C:\native\31\windows-amd64\native-platform.dll
0x00007fffb8d00000 - 0x00007fffb8d0d000 	D:\Software\jre\jre\bin\management.dll
0x00007fffbd0f0000 - 0x00007fffbd123000 	C:\WINDOWS\system32\rsaenh.dll
0x00007fffbe000000 - 0x00007fffbe026000 	C:\WINDOWS\System32\bcrypt.dll
0x00007fffbdc70000 - 0x00007fffbdc95000 	C:\WINDOWS\SYSTEM32\USERENV.dll
0x00007fffbd6f0000 - 0x00007fffbd6fc000 	C:\WINDOWS\SYSTEM32\CRYPTBASE.dll
0x00007fffbd290000 - 0x00007fffbd2ca000 	C:\WINDOWS\SYSTEM32\IPHLPAPI.DLL
0x00007fffbef50000 - 0x00007fffbef58000 	C:\WINDOWS\System32\NSI.dll
0x00007fffb70b0000 - 0x00007fffb70c6000 	C:\WINDOWS\SYSTEM32\dhcpcsvc6.DLL
0x00007fffb7090000 - 0x00007fffb70ac000 	C:\WINDOWS\SYSTEM32\dhcpcsvc.DLL
0x00007fffbd2d0000 - 0x00007fffbd39b000 	C:\WINDOWS\SYSTEM32\DNSAPI.dll

VM Arguments:
jvm_args: -Xmx2048m -Dfile.encoding=windows-1252 -Duser.country=US -Duser.language=en -Duser.variant 
java_command: org.gradle.launcher.daemon.bootstrap.GradleDaemon 6.1.1
java_class_path (initial): C:\wrapper\dists\gradle-6.1.1-all\cfmwm155h49vnt3hynmlrsdst\gradle-6.1.1\lib\gradle-launcher-6.1.1.jar
Launcher Type: SUN_STANDARD

Environment Variables:
PATH=C:\oraclexe\app\oracle\product\11.2.0\server\bin;;C:\oraclexe\app\oracle\product\11.2.0\server\bin;C:\WINDOWS\system32;C:\WINDOWS;C:\WINDOWS\System32\Wbem;C:\WINDOWS\System32\WindowsPowerShell\v1.0\;C:\WINDOWS\System32\OpenSSH\;C:\Users\User\AppData\Local\Microsoft\WindowsApps;;C:\Users\User\AppData\Local\Programs\Microsoft VS Code\bin
USERNAME=User
OS=Windows_NT
PROCESSOR_IDENTIFIER=Intel64 Family 6 Model 142 Stepping 9, GenuineIntel



---------------  S Y S T E M  ---------------

OS: Windows 10.0 , 64 bit Build 18362 (10.0.18362.959)

CPU:total 4 (initial active 4) (2 cores per cpu, 2 threads per core) family 6 model 142 stepping 9, cmov, cx8, fxsr, mmx, sse, sse2, sse3, ssse3, sse4.1, sse4.2, popcnt, avx, avx2, aes, clmul, erms, 3dnowpref, lzcnt, ht, tsc, tscinvbit, bmi1, bmi2, adx

Memory: 4k page, physical 8303524k(582504k free), swap 9839524k(3096k free)

vm_info: OpenJDK 64-Bit Server VM (25.242-b01) for windows-amd64 JRE (1.8.0_242-release-1644-b01), built by "builder" with MS VC++ 10.0 (VS2010)

time: Mon Jul 20 18:37:29 2020
timezone: Malay Peninsula Standard Time
elapsed time: 3 seconds (0d 0h 0m 3s)

