#
# There is insufficient memory for the Java Runtime Environment to continue.
# Native memory allocation (malloc) failed to allocate 32744 bytes for ChunkPool::allocate
# Possible reasons:
#   The system is out of physical RAM or swap space
#   The process is running with CompressedOops enabled, and the Java Heap may be blocking the growth of the native heap
# Possible solutions:
#   Reduce memory load on the system
#   Increase physical memory or swap space
#   Check if swap backing store is full
#   Decrease Java heap size (-Xmx/-Xms)
#   Decrease number of Java threads
#   Decrease Java thread stack sizes (-Xss)
#   Set larger code cache with -XX:ReservedCodeCacheSize=
#   JVM is running with Unscaled Compressed Oops mode in which the Java heap is
#     placed in the first 4GB address space. The Java Heap base address is the
#     maximum limit for the native heap growth. Please use -XX:HeapBaseMinAddress
#     to set the Java Heap base and to place the Java Heap above 4GB virtual address.
# This output file may be truncated or incomplete.
#
#  Out of Memory Error (allocation.cpp:272), pid=16096, tid=0x00000000000011b8
#
# JRE version: OpenJDK Runtime Environment (8.0_242-b01) (build 1.8.0_242-release-1644-b01)
# Java VM: OpenJDK 64-Bit Server VM (25.242-b01 mixed mode windows-amd64 compressed oops)
# Failed to write core dump. Minidumps are not enabled by default on client versions of Windows
#

---------------  T H R E A D  ---------------

Current thread (0x0000000017c35000):  JavaThread "C2 CompilerThread0" daemon [_thread_in_native, id=4536, stack(0x0000000019280000,0x0000000019380000)]

Stack: [0x0000000019280000,0x0000000019380000]
[error occurred during error reporting (printing stack bounds), id 0xc0000005]

Native frames: (J=compiled Java code, j=interpreted, Vv=VM code, C=native code)


Current CompileTask:
C2:  33816 9537       4       com.android.ide.common.resources.ValueResourceParser2::getResource (73 bytes)


---------------  P R O C E S S  ---------------

Java Threads: ( => current thread )
  0x0000000020b77800 JavaThread "stdout" [_thread_in_native, id=8976, stack(0x00000000252d0000,0x00000000253d0000)]
  0x0000000020b75000 JavaThread "stderr" [_thread_in_native, id=6188, stack(0x00000000251d0000,0x00000000252d0000)]
  0x0000000020b78000 JavaThread "stdout" [_thread_in_native, id=15628, stack(0x00000000250d0000,0x00000000251d0000)]
  0x0000000020b74000 JavaThread "stderr" [_thread_in_native, id=11484, stack(0x0000000024fd0000,0x00000000250d0000)]
  0x0000000020b72000 JavaThread "stdout" [_thread_in_native, id=16940, stack(0x0000000024ed0000,0x0000000024fd0000)]
  0x0000000020b72800 JavaThread "stderr" [_thread_in_native, id=7840, stack(0x0000000024dd0000,0x0000000024ed0000)]
  0x0000000020537800 JavaThread "pool-2-thread-1" [_thread_blocked, id=14116, stack(0x0000000024ad0000,0x0000000024bd0000)]
  0x000000002053e800 JavaThread "Cache worker for execution history cache (C:\Users\User\ass1\.gradle\6.1.1\executionHistory)" [_thread_blocked, id=15768, stack(0x00000000249d0000,0x0000000024ad0000)]
  0x000000002053b800 JavaThread "Execution worker for ':' Thread 3" [_thread_blocked, id=14064, stack(0x00000000246d0000,0x00000000247d0000)]
  0x0000000020538800 JavaThread "Execution worker for ':' Thread 2" [_thread_in_native, id=8656, stack(0x00000000245d0000,0x00000000246d0000)]
  0x000000002053a000 JavaThread "Execution worker for ':'" [_thread_in_native, id=17324, stack(0x0000000023f80000,0x0000000024080000)]
  0x0000000020539000 JavaThread "Cache worker for file content cache (C:\Users\User\ass1\.gradle\6.1.1\fileContent)" [_thread_blocked, id=8464, stack(0x00000000237c0000,0x00000000238c0000)]
  0x000000002053a800 JavaThread "Cache worker for file content cache (C:\caches\6.1.1\fileContent)" [_thread_blocked, id=6464, stack(0x00000000236c0000,0x00000000237c0000)]
  0x0000000020530000 JavaThread "Memory manager" [_thread_blocked, id=11496, stack(0x00000000235c0000,0x00000000236c0000)]
  0x0000000020531800 JavaThread "Cache worker for Build Output Cleanup Cache (C:\Users\User\ass1\.gradle\buildOutputCleanup)" [_thread_blocked, id=17380, stack(0x0000000022cc0000,0x0000000022dc0000)]
  0x0000000020537000 JavaThread "pool-1-thread-1" [_thread_blocked, id=2248, stack(0x00000000227c0000,0x00000000228c0000)]
  0x0000000020534000 JavaThread "Build operations Thread 4" [_thread_blocked, id=14340, stack(0x0000000021eb0000,0x0000000021fb0000)]
  0x0000000020535800 JavaThread "Build operations Thread 3" [_thread_blocked, id=3888, stack(0x0000000021db0000,0x0000000021eb0000)]
  0x0000000020533000 JavaThread "Build operations Thread 2" [_thread_blocked, id=14596, stack(0x0000000021cb0000,0x0000000021db0000)]
  0x0000000020536000 JavaThread "Build operations" [_thread_blocked, id=8884, stack(0x0000000021990000,0x0000000021a90000)]
  0x000000001afaa000 JavaThread "Cache worker for execution history cache (C:\caches\6.1.1\executionHistory)" [_thread_blocked, id=1648, stack(0x0000000021490000,0x0000000021590000)]
  0x000000001afa9800 JavaThread "Cache worker for cache directory md-rule (C:\caches\6.1.1\md-rule)" [_thread_blocked, id=13384, stack(0x000000001ff40000,0x0000000020040000)]
  0x000000001afa7000 JavaThread "Cache worker for cache directory md-supplier (C:\caches\6.1.1\md-supplier)" [_thread_blocked, id=15672, stack(0x000000001fc40000,0x000000001fd40000)]
  0x000000001afa8000 JavaThread "Cache worker for file hash cache (C:\Users\User\ass1\.gradle\6.1.1\fileHashes)" [_thread_blocked, id=10684, stack(0x0000000021190000,0x0000000021290000)]
  0x000000001afa5000 JavaThread "Cache worker for checksums cache (C:\Users\User\ass1\.gradle\checksums)" [_thread_blocked, id=2972, stack(0x0000000021090000,0x0000000021190000)]
  0x000000001afa6800 JavaThread "Cache worker for file hash cache (C:\caches\6.1.1\fileHashes)" [_thread_blocked, id=16788, stack(0x000000001d9a0000,0x000000001daa0000)]
  0x000000001afa4000 JavaThread "File lock request listener" [_thread_in_native, id=6208, stack(0x000000001d8a0000,0x000000001d9a0000)]
  0x0000000019ce0000 JavaThread "Cache worker for journal cache (C:\caches\journal-1)" [_thread_blocked, id=11364, stack(0x000000001d7a0000,0x000000001d8a0000)]
  0x000000001b6f8000 JavaThread "Thread-9" [_thread_blocked, id=7804, stack(0x000000001d4a0000,0x000000001d5a0000)]
  0x000000001b744000 JavaThread "Stdin handler" [_thread_blocked, id=7692, stack(0x000000001d3a0000,0x000000001d4a0000)]
  0x000000001b6f4800 JavaThread "Asynchronous log dispatcher for DefaultDaemonConnection: socket connection from /127.0.0.1:56177 to /127.0.0.1:56178" [_thread_blocked, id=704, stack(0x000000001d2a0000,0x000000001d3a0000)]
  0x000000001b6fc000 JavaThread "Daemon worker" [_thread_blocked, id=2576, stack(0x000000001d1a0000,0x000000001d2a0000)]
  0x000000001b6b9800 JavaThread "Cancel handler" [_thread_blocked, id=13028, stack(0x000000001d0a0000,0x000000001d1a0000)]
  0x000000001b34b000 JavaThread "Handler for socket connection from /127.0.0.1:56177 to /127.0.0.1:56178" [_thread_in_native, id=1552, stack(0x000000001cda0000,0x000000001cea0000)]
  0x000000001b34a000 JavaThread "Daemon" [_thread_blocked, id=15476, stack(0x000000001cca0000,0x000000001cda0000)]
  0x000000001b6c9800 JavaThread "Daemon periodic checks" [_thread_blocked, id=6576, stack(0x000000001cba0000,0x000000001cca0000)]
  0x000000001b64a800 JavaThread "Incoming local TCP Connector on port 56177" [_thread_in_native, id=11108, stack(0x000000001c960000,0x000000001ca60000)]
  0x0000000019bc8800 JavaThread "Daemon health stats" [_thread_blocked, id=11208, stack(0x000000001c320000,0x000000001c420000)]
  0x0000000017c8e000 JavaThread "Service Thread" daemon [_thread_blocked, id=17340, stack(0x0000000019980000,0x0000000019a80000)]
  0x0000000017c52800 JavaThread "C1 CompilerThread2" daemon [_thread_in_native, id=9184, stack(0x0000000019480000,0x0000000019580000)]
  0x0000000017c3d800 JavaThread "C2 CompilerThread1" daemon [_thread_in_native, id=1356, stack(0x0000000019380000,0x0000000019480000)]
=>0x0000000017c35000 JavaThread "C2 CompilerThread0" daemon [_thread_in_native, id=4536, stack(0x0000000019280000,0x0000000019380000)]
  0x0000000017c33000 JavaThread "Attach Listener" daemon [_thread_blocked, id=14096, stack(0x0000000019180000,0x0000000019280000)]
  0x0000000017c30800 JavaThread "Signal Dispatcher" daemon [_thread_blocked, id=15248, stack(0x0000000019080000,0x0000000019180000)]
  0x0000000003009800 JavaThread "Finalizer" daemon [_thread_blocked, id=4580, stack(0x0000000018e80000,0x0000000018f80000)]
  0x0000000003001000 JavaThread "Reference Handler" daemon [_thread_blocked, id=1312, stack(0x0000000018d80000,0x0000000018e80000)]
  0x0000000002f12800 JavaThread "main" [_thread_blocked, id=15036, stack(0x0000000002dd0000,0x0000000002ed0000)]

Other Threads:
  0x0000000017bf6800 VMThread [stack: 0x0000000018c80000,0x0000000018d80000] [id=14584]
  0x000000001958b000 WatcherThread [stack: 0x0000000019a80000,0x0000000019b80000] [id=11572]

VM state:not at safepoint (normal execution)

VM Mutex/Monitor currently owned by a thread: None

OutOfMemory and StackOverflow Exception counts:
OutOfMemoryError java_heap_errors=2

heap address: 0x0000000080000000, size: 2048 MB, Compressed Oops mode: 32-bit
Narrow klass base: 0x0000000000000000, Narrow klass shift: 3
Compressed class space size: 1073741824 Address: 0x0000000100000000

Heap:
 PSYoungGen      total 197120K, used 150073K [0x00000000d5580000, 0x00000000e6000000, 0x0000000100000000)
  eden space 177664K, 74% used [0x00000000d5580000,0x00000000dd733d50,0x00000000e0300000)
  from space 19456K, 88% used [0x00000000e0300000,0x00000000e13da798,0x00000000e1600000)
  to   space 21504K, 0% used [0x00000000e4b00000,0x00000000e4b00000,0x00000000e6000000)
 ParOldGen       total 121856K, used 28710K [0x0000000080000000, 0x0000000087700000, 0x00000000d5580000)
  object space 121856K, 23% used [0x0000000080000000,0x0000000081c09be0,0x0000000087700000)
 Metaspace       used 67433K, capacity 70258K, committed 70440K, reserved 1110016K
  class space    used 9124K, capacity 9676K, committed 9768K, reserved 1048576K

Card table byte_map: [0x00000000123d0000,0x00000000127e0000] byte_map_base: 0x0000000011fd0000

Marking Bits: (ParMarkBitMap*) 0x000000006151f030
 Begin Bits: [0x0000000012e90000, 0x0000000014e90000)
 End Bits:   [0x0000000014e90000, 0x0000000016e90000)

Polling page: 0x0000000000df0000

CodeCache: size=245760Kb used=26332Kb max_used=26332Kb free=219427Kb
 bounds [0x0000000003010000, 0x00000000049f0000, 0x0000000012010000]
 total_blobs=9140 nmethods=8304 adapters=749
 compilation: enabled

Compilation events (10 events):
Event: 33.805 Thread 0x0000000017c52800 nmethod 9552 0x00000000049d7550 code [0x00000000049d76c0, 0x00000000049d7868]
Event: 33.805 Thread 0x0000000017c52800 9553       3       com.sun.org.apache.xerces.internal.util.SymbolTable::<init> (9 bytes)
Event: 33.805 Thread 0x0000000017c52800 nmethod 9553 0x00000000049ddf50 code [0x00000000049de0e0, 0x00000000049de288]
Event: 33.805 Thread 0x0000000017c52800 9554       3       com.sun.org.apache.xerces.internal.impl.XMLEntityManager::<init> (181 bytes)
Event: 33.807 Thread 0x0000000017c52800 nmethod 9554 0x00000000049dc090 code [0x00000000049dc320, 0x00000000049dd618]
Event: 33.807 Thread 0x0000000017c52800 9555       3       com.sun.org.apache.xerces.internal.impl.XMLEntityManager::getRecognizedFeatures (13 bytes)
Event: 33.807 Thread 0x0000000017c52800 nmethod 9555 0x00000000049dbb50 code [0x00000000049dbcc0, 0x00000000049dbfc8]
Event: 33.807 Thread 0x0000000017c52800 9556       3       com.sun.org.apache.xerces.internal.impl.XMLErrorReporter::getRecognizedFeatures (13 bytes)
Event: 33.808 Thread 0x0000000017c52800 nmethod 9556 0x00000000049e56d0 code [0x00000000049e5840, 0x00000000049e5b48]
Event: 33.808 Thread 0x0000000017c52800 9557   !   3       com.sun.org.apache.xerces.internal.parsers.XML11Configuration::<init> (1069 bytes)

GC Heap History (10 events):
Event: 18.026 GC heap before
{Heap before GC invocations=12 (full 2):
 PSYoungGen      total 118784K, used 107005K [0x00000000d5580000, 0x00000000dfd80000, 0x0000000100000000)
  eden space 107008K, 99% used [0x00000000d5580000,0x00000000dbdff5e8,0x00000000dbe00000)
  from space 11776K, 0% used [0x00000000dbe00000,0x00000000dbe00000,0x00000000dc980000)
  to   space 12288K, 0% used [0x00000000df180000,0x00000000df180000,0x00000000dfd80000)
 ParOldGen       total 86016K, used 15559K [0x0000000080000000, 0x0000000085400000, 0x00000000d5580000)
  object space 86016K, 18% used [0x0000000080000000,0x0000000080f31ef8,0x0000000085400000)
 Metaspace       used 44245K, capacity 45584K, committed 45736K, reserved 1089536K
  class space    used 5987K, capacity 6304K, committed 6312K, reserved 1048576K
Event: 18.052 GC heap after
Heap after GC invocations=12 (full 2):
 PSYoungGen      total 150528K, used 12278K [0x00000000d5580000, 0x00000000dfd80000, 0x0000000100000000)
  eden space 138240K, 0% used [0x00000000d5580000,0x00000000d5580000,0x00000000ddc80000)
  from space 12288K, 99% used [0x00000000df180000,0x00000000dfd7d8e8,0x00000000dfd80000)
  to   space 14336K, 0% used [0x00000000de180000,0x00000000de180000,0x00000000def80000)
 ParOldGen       total 86016K, used 17218K [0x0000000080000000, 0x0000000085400000, 0x00000000d5580000)
  object space 86016K, 20% used [0x0000000080000000,0x00000000810d0ad8,0x0000000085400000)
 Metaspace       used 44245K, capacity 45584K, committed 45736K, reserved 1089536K
  class space    used 5987K, capacity 6304K, committed 6312K, reserved 1048576K
}
Event: 21.183 GC heap before
{Heap before GC invocations=13 (full 2):
 PSYoungGen      total 150528K, used 150518K [0x00000000d5580000, 0x00000000dfd80000, 0x0000000100000000)
  eden space 138240K, 100% used [0x00000000d5580000,0x00000000ddc80000,0x00000000ddc80000)
  from space 12288K, 99% used [0x00000000df180000,0x00000000dfd7d8e8,0x00000000dfd80000)
  to   space 14336K, 0% used [0x00000000de180000,0x00000000de180000,0x00000000def80000)
 ParOldGen       total 86016K, used 17218K [0x0000000080000000, 0x0000000085400000, 0x00000000d5580000)
  object space 86016K, 20% used [0x0000000080000000,0x00000000810d0ad8,0x0000000085400000)
 Metaspace       used 55776K, capacity 57524K, committed 57768K, reserved 1099776K
  class space    used 7646K, capacity 8071K, committed 8104K, reserved 1048576K
Event: 21.222 GC heap after
Heap after GC invocations=13 (full 2):
 PSYoungGen      total 157696K, used 14324K [0x00000000d5580000, 0x00000000e2880000, 0x0000000100000000)
  eden space 143360K, 0% used [0x00000000d5580000,0x00000000d5580000,0x00000000de180000)
  from space 14336K, 99% used [0x00000000de180000,0x00000000def7d050,0x00000000def80000)
  to   space 18944K, 0% used [0x00000000e1600000,0x00000000e1600000,0x00000000e2880000)
 ParOldGen       total 86016K, used 25700K [0x0000000080000000, 0x0000000085400000, 0x00000000d5580000)
  object space 86016K, 29% used [0x0000000080000000,0x0000000081919348,0x0000000085400000)
 Metaspace       used 55776K, capacity 57524K, committed 57768K, reserved 1099776K
  class space    used 7646K, capacity 8071K, committed 8104K, reserved 1048576K
}
Event: 21.657 GC heap before
{Heap before GC invocations=14 (full 2):
 PSYoungGen      total 157696K, used 33247K [0x00000000d5580000, 0x00000000e2880000, 0x0000000100000000)
  eden space 143360K, 13% used [0x00000000d5580000,0x00000000d67faee0,0x00000000de180000)
  from space 14336K, 99% used [0x00000000de180000,0x00000000def7d050,0x00000000def80000)
  to   space 18944K, 0% used [0x00000000e1600000,0x00000000e1600000,0x00000000e2880000)
 ParOldGen       total 86016K, used 25700K [0x0000000080000000, 0x0000000085400000, 0x00000000d5580000)
  object space 86016K, 29% used [0x0000000080000000,0x0000000081919348,0x0000000085400000)
 Metaspace       used 57105K, capacity 59062K, committed 59160K, reserved 1099776K
  class space    used 7834K, capacity 8294K, committed 8360K, reserved 1048576K
Event: 21.682 GC heap after
Heap after GC invocations=14 (full 2):
 PSYoungGen      total 196608K, used 2001K [0x00000000d5580000, 0x00000000e3d00000, 0x0000000100000000)
  eden space 177664K, 0% used [0x00000000d5580000,0x00000000d5580000,0x00000000e0300000)
  from space 18944K, 10% used [0x00000000e1600000,0x00000000e17f47e8,0x00000000e2880000)
  to   space 19456K, 0% used [0x00000000e0300000,0x00000000e0300000,0x00000000e1600000)
 ParOldGen       total 86016K, used 33318K [0x0000000080000000, 0x0000000085400000, 0x00000000d5580000)
  object space 86016K, 38% used [0x0000000080000000,0x00000000820899b8,0x0000000085400000)
 Metaspace       used 57105K, capacity 59062K, committed 59160K, reserved 1099776K
  class space    used 7834K, capacity 8294K, committed 8360K, reserved 1048576K
}
Event: 21.682 GC heap before
{Heap before GC invocations=15 (full 3):
 PSYoungGen      total 196608K, used 2001K [0x00000000d5580000, 0x00000000e3d00000, 0x0000000100000000)
  eden space 177664K, 0% used [0x00000000d5580000,0x00000000d5580000,0x00000000e0300000)
  from space 18944K, 10% used [0x00000000e1600000,0x00000000e17f47e8,0x00000000e2880000)
  to   space 19456K, 0% used [0x00000000e0300000,0x00000000e0300000,0x00000000e1600000)
 ParOldGen       total 86016K, used 33318K [0x0000000080000000, 0x0000000085400000, 0x00000000d5580000)
  object space 86016K, 38% used [0x0000000080000000,0x00000000820899b8,0x0000000085400000)
 Metaspace       used 57105K, capacity 59062K, committed 59160K, reserved 1099776K
  class space    used 7834K, capacity 8294K, committed 8360K, reserved 1048576K
Event: 22.015 GC heap after
Heap after GC invocations=15 (full 3):
 PSYoungGen      total 196608K, used 0K [0x00000000d5580000, 0x00000000e3d00000, 0x0000000100000000)
  eden space 177664K, 0% used [0x00000000d5580000,0x00000000d5580000,0x00000000e0300000)
  from space 18944K, 0% used [0x00000000e1600000,0x00000000e1600000,0x00000000e2880000)
  to   space 19456K, 0% used [0x00000000e0300000,0x00000000e0300000,0x00000000e1600000)
 ParOldGen       total 121856K, used 28702K [0x0000000080000000, 0x0000000087700000, 0x00000000d5580000)
  object space 121856K, 23% used [0x0000000080000000,0x0000000081c07be0,0x0000000087700000)
 Metaspace       used 57094K, capacity 59026K, committed 59160K, reserved 1099776K
  class space    used 7831K, capacity 8288K, committed 8360K, reserved 1048576K
}
Event: 28.500 GC heap before
{Heap before GC invocations=16 (full 3):
 PSYoungGen      total 196608K, used 177664K [0x00000000d5580000, 0x00000000e3d00000, 0x0000000100000000)
  eden space 177664K, 100% used [0x00000000d5580000,0x00000000e0300000,0x00000000e0300000)
  from space 18944K, 0% used [0x00000000e1600000,0x00000000e1600000,0x00000000e2880000)
  to   space 19456K, 0% used [0x00000000e0300000,0x00000000e0300000,0x00000000e1600000)
 ParOldGen       total 121856K, used 28702K [0x0000000080000000, 0x0000000087700000, 0x00000000d5580000)
  object space 121856K, 23% used [0x0000000080000000,0x0000000081c07be0,0x0000000087700000)
 Metaspace       used 64845K, capacity 67580K, committed 67752K, reserved 1107968K
  class space    used 8825K, capacity 9367K, committed 9384K, reserved 1048576K
Event: 28.528 GC heap after
Heap after GC invocations=16 (full 3):
 PSYoungGen      total 197120K, used 17257K [0x00000000d5580000, 0x00000000e6000000, 0x0000000100000000)
  eden space 177664K, 0% used [0x00000000d5580000,0x00000000d5580000,0x00000000e0300000)
  from space 19456K, 88% used [0x00000000e0300000,0x00000000e13da798,0x00000000e1600000)
  to   space 21504K, 0% used [0x00000000e4b00000,0x00000000e4b00000,0x00000000e6000000)
 ParOldGen       total 121856K, used 28710K [0x0000000080000000, 0x0000000087700000, 0x00000000d5580000)
  object space 121856K, 23% used [0x0000000080000000,0x0000000081c09be0,0x0000000087700000)
 Metaspace       used 64845K, capacity 67580K, committed 67752K, reserved 1107968K
  class space    used 8825K, capacity 9367K, committed 9384K, reserved 1048576K
}

Deoptimization events (10 events):
Event: 33.588 Thread 0x0000000020538800 Uncommon trap: reason=bimorphic action=maybe_recompile pc=0x0000000004936758 method=com.sun.org.apache.xerces.internal.dom.NamedNodeMapImpl.findNamePoint(Ljava/lang/String;I)I @ 57
Event: 33.588 Thread 0x0000000020538800 Uncommon trap: reason=bimorphic action=maybe_recompile pc=0x0000000004936758 method=com.sun.org.apache.xerces.internal.dom.NamedNodeMapImpl.findNamePoint(Ljava/lang/String;I)I @ 57
Event: 33.595 Thread 0x0000000020538800 Uncommon trap: reason=bimorphic action=maybe_recompile pc=0x00000000048a10ec method=com.sun.org.apache.xerces.internal.impl.XMLEntityScanner.load(IZZ)Z @ 81
Event: 33.609 Thread 0x0000000020538800 Uncommon trap: reason=bimorphic action=maybe_recompile pc=0x0000000004919980 method=com.sun.org.apache.xerces.internal.impl.XMLEntityScanner.load(IZZ)Z @ 81
Event: 33.610 Thread 0x0000000020538800 Uncommon trap: reason=bimorphic action=maybe_recompile pc=0x00000000048a10ec method=com.sun.org.apache.xerces.internal.impl.XMLEntityScanner.load(IZZ)Z @ 81
Event: 33.616 Thread 0x0000000020538800 Uncommon trap: reason=bimorphic action=maybe_recompile pc=0x0000000004919980 method=com.sun.org.apache.xerces.internal.impl.XMLEntityScanner.load(IZZ)Z @ 81
Event: 33.635 Thread 0x0000000020538800 Uncommon trap: reason=unstable_if action=reinterpret pc=0x00000000032ad67c method=sun.nio.cs.UTF_8$Decoder.decode([BII[C)I @ 30
Event: 33.635 Thread 0x0000000020538800 Uncommon trap: reason=unstable_if action=reinterpret pc=0x0000000003d10630 method=java.lang.StringCoding.safeTrim([CILjava/nio/charset/Charset;Z)[C @ 3
Event: 33.662 Thread 0x0000000020538800 Uncommon trap: reason=unstable_if action=reinterpret pc=0x0000000003514ff4 method=java.lang.StringCoding.safeTrim([CILjava/nio/charset/Charset;Z)[C @ 3
Event: 33.752 Thread 0x0000000020538800 Uncommon trap: reason=unstable_if action=reinterpret pc=0x00000000035c9428 method=java.lang.StringCoding.safeTrim([CILjava/nio/charset/Charset;Z)[C @ 3

Classes redefined (0 events):
No events

Internal exceptions (10 events):
Event: 28.800 Thread 0x000000001b6f8000 Exception <a 'java/lang/NoSuchMethodError': <clinit>> (0x00000000d56ab240) thrown at [C:\src\AOSP-openjdk-git\hotspot\src\share\vm\prims\jni.cpp, line 1615]
Event: 28.802 Thread 0x000000001b6f8000 Exception <a 'java/lang/NoSuchMethodError': <clinit>> (0x00000000d632a4b0) thrown at [C:\src\AOSP-openjdk-git\hotspot\src\share\vm\prims\jni.cpp, line 1615]
Event: 28.802 Thread 0x000000001b6f8000 Exception <a 'java/lang/NoSuchMethodError': <clinit>> (0x00000000d632bfe8) thrown at [C:\src\AOSP-openjdk-git\hotspot\src\share\vm\prims\jni.cpp, line 1615]
Event: 28.946 Thread 0x000000001b6f8000 Exception <a 'java/lang/NoSuchMethodError': <clinit>> (0x00000000d6339218) thrown at [C:\src\AOSP-openjdk-git\hotspot\src\share\vm\prims\jni.cpp, line 1615]
Event: 30.518 Thread 0x000000002053b800 Exception <a 'java/lang/OutOfMemoryError'> (0x00000000d8a5caf0) thrown at [C:\src\AOSP-openjdk-git\hotspot\src\share\vm\prims\jni.cpp, line 737]
Event: 30.518 Thread 0x000000002053b800 Exception <a 'java/lang/OutOfMemoryError'> (0x00000000d8a5caf0) thrown at [C:\src\AOSP-openjdk-git\hotspot\src\share\vm\prims\jvm.cpp, line 1506]
Event: 30.531 Thread 0x000000001b6fc000 Exception <a 'java/io/IOException'> (0x00000000d82eb210) thrown at [C:\src\AOSP-openjdk-git\hotspot\src\share\vm\prims\jni.cpp, line 710]
Event: 32.468 Thread 0x0000000020538800 Exception <a 'java/lang/NoSuchMethodError': java.lang.Object.lambda$comparingByKey$bbdbfea9$1(Ljava/util/Map$Entry;Ljava/util/Map$Entry;)I> (0x00000000db6c7aa0) thrown at [C:\src\AOSP-openjdk-git\hotspot\src\share\vm\interpreter\linkResolver.cpp, line 620
Event: 32.713 Thread 0x0000000020538800 Implicit null exception at 0x0000000003dff65e to 0x0000000003dff7e1
Event: 32.930 Thread 0x0000000020538800 Implicit null exception at 0x00000000048e713f to 0x00000000048e735d

Events (10 events):
Event: 33.635 Thread 0x0000000020538800 DEOPT UNPACKING pc=0x000000000305557b sp=0x00000000246caf58 mode 2
Event: 33.635 Thread 0x0000000020538800 Uncommon trap: trap_request=0xffffff65 fr.pc=0x0000000003d10630
Event: 33.635 Thread 0x0000000020538800 DEOPT PACKING pc=0x0000000003d10630 sp=0x00000000246cb050
Event: 33.635 Thread 0x0000000020538800 DEOPT UNPACKING pc=0x000000000305557b sp=0x00000000246cae38 mode 2
Event: 33.662 Thread 0x0000000020538800 Uncommon trap: trap_request=0xffffff65 fr.pc=0x0000000003514ff4
Event: 33.662 Thread 0x0000000020538800 DEOPT PACKING pc=0x0000000003514ff4 sp=0x00000000246caff0
Event: 33.662 Thread 0x0000000020538800 DEOPT UNPACKING pc=0x000000000305557b sp=0x00000000246cae30 mode 2
Event: 33.752 Thread 0x0000000020538800 Uncommon trap: trap_request=0xffffff65 fr.pc=0x00000000035c9428
Event: 33.752 Thread 0x0000000020538800 DEOPT PACKING pc=0x00000000035c9428 sp=0x00000000246caf80
Event: 33.752 Thread 0x0000000020538800 DEOPT UNPACKING pc=0x000000000305557b sp=0x00000000246cae38 mode 2


Dynamic libraries:
0x00007ff7e9220000 - 0x00007ff7e9251000 	D:\Software\jre\bin\java.exe
0x00007ffceaba0000 - 0x00007ffcead90000 	C:\WINDOWS\SYSTEM32\ntdll.dll
0x00007ffce98a0000 - 0x00007ffce9952000 	C:\WINDOWS\System32\KERNEL32.DLL
0x00007ffce7b70000 - 0x00007ffce7e14000 	C:\WINDOWS\System32\KERNELBASE.dll
0x00007ffcea8d0000 - 0x00007ffcea973000 	C:\WINDOWS\System32\ADVAPI32.dll
0x00007ffce8c50000 - 0x00007ffce8cee000 	C:\WINDOWS\System32\msvcrt.dll
0x00007ffce9210000 - 0x00007ffce92a7000 	C:\WINDOWS\System32\sechost.dll
0x00007ffce9330000 - 0x00007ffce9450000 	C:\WINDOWS\System32\RPCRT4.dll
0x00007ffce8d70000 - 0x00007ffce8f04000 	C:\WINDOWS\System32\USER32.dll
0x00007ffce7b20000 - 0x00007ffce7b41000 	C:\WINDOWS\System32\win32u.dll
0x00007ffcea8a0000 - 0x00007ffcea8c6000 	C:\WINDOWS\System32\GDI32.dll
0x00007ffce8ab0000 - 0x00007ffce8c46000 	C:\WINDOWS\System32\gdi32full.dll
0x00007ffce86c0000 - 0x00007ffce875e000 	C:\WINDOWS\System32\msvcp_win.dll
0x00007ffce87e0000 - 0x00007ffce88da000 	C:\WINDOWS\System32\ucrtbase.dll
0x00007ffcd2f80000 - 0x00007ffcd3204000 	C:\WINDOWS\WinSxS\amd64_microsoft.windows.common-controls_6595b64144ccf1df_6.0.18362.959_none_e6c7bbbf130c62bb\COMCTL32.dll
0x00007ffce94f0000 - 0x00007ffce9825000 	C:\WINDOWS\System32\combase.dll
0x00007ffce88e0000 - 0x00007ffce8960000 	C:\WINDOWS\System32\bcryptPrimitives.dll
0x00007ffce94c0000 - 0x00007ffce94ee000 	C:\WINDOWS\System32\IMM32.DLL
0x00000000616c0000 - 0x0000000061792000 	D:\Software\jre\jre\bin\msvcr100.dll
0x0000000060d50000 - 0x000000006159b000 	D:\Software\jre\jre\bin\server\jvm.dll
0x00007ffce94b0000 - 0x00007ffce94b8000 	C:\WINDOWS\System32\PSAPI.DLL
0x00007ffce3e40000 - 0x00007ffce3e64000 	C:\WINDOWS\SYSTEM32\WINMM.dll
0x00007ffce3dd0000 - 0x00007ffce3dd9000 	C:\WINDOWS\SYSTEM32\WSOCK32.dll
0x00007ffce9830000 - 0x00007ffce989f000 	C:\WINDOWS\System32\WS2_32.dll
0x00007ffcdad10000 - 0x00007ffcdad1a000 	C:\WINDOWS\SYSTEM32\VERSION.dll
0x00007ffce3e10000 - 0x00007ffce3e3d000 	C:\WINDOWS\SYSTEM32\winmmbase.dll
0x00007ffce8790000 - 0x00007ffce87da000 	C:\WINDOWS\System32\cfgmgr32.dll
0x00007ffce3910000 - 0x00007ffce391f000 	D:\Software\jre\jre\bin\verify.dll
0x00007ffcd9a20000 - 0x00007ffcd9a49000 	D:\Software\jre\jre\bin\java.dll
0x00007ffce1f50000 - 0x00007ffce1f66000 	D:\Software\jre\jre\bin\zip.dll
0x00007ffce9bd0000 - 0x00007ffcea2b6000 	C:\WINDOWS\System32\SHELL32.dll
0x00007ffcea980000 - 0x00007ffceaa29000 	C:\WINDOWS\System32\shcore.dll
0x00007ffce7ed0000 - 0x00007ffce8652000 	C:\WINDOWS\System32\windows.storage.dll
0x00007ffce7af0000 - 0x00007ffce7b13000 	C:\WINDOWS\System32\profapi.dll
0x00007ffce7aa0000 - 0x00007ffce7aea000 	C:\WINDOWS\System32\powrprof.dll
0x00007ffce7a50000 - 0x00007ffce7a60000 	C:\WINDOWS\System32\UMPDC.dll
0x00007ffce9450000 - 0x00007ffce94a2000 	C:\WINDOWS\System32\shlwapi.dll
0x00007ffce7a60000 - 0x00007ffce7a71000 	C:\WINDOWS\System32\kernel.appcore.dll
0x00007ffce7b50000 - 0x00007ffce7b67000 	C:\WINDOWS\System32\cryptsp.dll
0x00007ffce19a0000 - 0x00007ffce19ba000 	D:\Software\jre\jre\bin\net.dll
0x00007ffce7270000 - 0x00007ffce72d7000 	C:\WINDOWS\system32\mswsock.dll
0x00007ffcda000000 - 0x00007ffcda013000 	D:\Software\jre\jre\bin\nio.dll
0x00007ffcd9c30000 - 0x00007ffcd9c56000 	C:\native\31\windows-amd64\native-platform.dll
0x00007ffce3900000 - 0x00007ffce390d000 	D:\Software\jre\jre\bin\management.dll
0x00007ffce6df0000 - 0x00007ffce6e23000 	C:\WINDOWS\system32\rsaenh.dll
0x00007ffce8760000 - 0x00007ffce8786000 	C:\WINDOWS\System32\bcrypt.dll
0x00007ffce7970000 - 0x00007ffce7995000 	C:\WINDOWS\SYSTEM32\USERENV.dll
0x00007ffce73f0000 - 0x00007ffce73fc000 	C:\WINDOWS\SYSTEM32\CRYPTBASE.dll
0x00007ffce6f90000 - 0x00007ffce6fca000 	C:\WINDOWS\SYSTEM32\IPHLPAPI.DLL
0x00007ffcea730000 - 0x00007ffcea738000 	C:\WINDOWS\System32\NSI.dll
0x00007ffcdb3f0000 - 0x00007ffcdb406000 	C:\WINDOWS\SYSTEM32\dhcpcsvc6.DLL
0x00007ffcdb3d0000 - 0x00007ffcdb3ec000 	C:\WINDOWS\SYSTEM32\dhcpcsvc.DLL
0x00007ffce6fd0000 - 0x00007ffce709b000 	C:\WINDOWS\SYSTEM32\DNSAPI.dll
0x00007ffcd7550000 - 0x00007ffcd7574000 	D:\Software\jre\jre\bin\sunec.dll
0x00007ffcd6bc0000 - 0x00007ffcd6bca000 	C:\Windows\System32\rasadhlp.dll
0x00007ffcdb1f0000 - 0x00007ffcdb267000 	C:\WINDOWS\System32\fwpuclnt.dll
0x00007ffce1c50000 - 0x00007ffce1c5b000 	D:\Software\jre\jre\bin\sunmscapi.dll
0x00007ffce8960000 - 0x00007ffce8aa9000 	C:\WINDOWS\System32\CRYPT32.dll
0x00007ffce7a80000 - 0x00007ffce7a92000 	C:\WINDOWS\System32\MSASN1.dll

VM Arguments:
jvm_args: -Xmx2048m -Dfile.encoding=windows-1252 -Duser.country=US -Duser.language=en -Duser.variant 
java_command: org.gradle.launcher.daemon.bootstrap.GradleDaemon 6.1.1
java_class_path (initial): C:\wrapper\dists\gradle-6.1.1-all\cfmwm155h49vnt3hynmlrsdst\gradle-6.1.1\lib\gradle-launcher-6.1.1.jar
Launcher Type: SUN_STANDARD

Environment Variables:
PATH=C:\oraclexe\app\oracle\product\11.2.0\server\bin;;C:\oraclexe\app\oracle\product\11.2.0\server\bin;C:\WINDOWS\system32;C:\WINDOWS;C:\WINDOWS\System32\Wbem;C:\WINDOWS\System32\WindowsPowerShell\v1.0\;C:\WINDOWS\System32\OpenSSH\;C:\Program Files\Microsoft SQL Server\130\Tools\Binn\;C:\Users\User\AppData\Local\Microsoft\WindowsApps;;C:\Users\User\AppData\Local\Programs\Microsoft VS Code\bin
USERNAME=User
OS=Windows_NT
PROCESSOR_IDENTIFIER=Intel64 Family 6 Model 142 Stepping 9, GenuineIntel



---------------  S Y S T E M  ---------------

OS: Windows 10.0 , 64 bit Build 18362 (10.0.18362.959)

CPU:total 4 (initial active 4) (2 cores per cpu, 2 threads per core) family 6 model 142 stepping 9, cmov, cx8, fxsr, mmx, sse, sse2, sse3, ssse3, sse4.1, sse4.2, popcnt, avx, avx2, aes, clmul, erms, 3dnowpref, lzcnt, ht, tsc, tscinvbit, bmi1, bmi2, adx

Memory: 4k page, physical 8303524k(1660280k free), swap 9839524k(2100k free)

vm_info: OpenJDK 64-Bit Server VM (25.242-b01) for windows-amd64 JRE (1.8.0_242-release-1644-b01), built by "builder" with MS VC++ 10.0 (VS2010)

time: Sun Aug 09 00:22:39 2020
timezone: Malay Peninsula Standard Time
elapsed time: 33 seconds (0d 0h 0m 33s)

